[0.068s] Invoking command in '/Rover_2022_2023/software/build/tutorial_interfaces': CMAKE_PREFIX_PATH=${CMAKE_PREFIX_PATH}:/opt/ros/foxy /usr/bin/cmake --build /Rover_2022_2023/software/build/tutorial_interfaces -- -j12 -l12
[0.226s] Invoked command in '/Rover_2022_2023/software/build/tutorial_interfaces' returned '0': CMAKE_PREFIX_PATH=${CMAKE_PREFIX_PATH}:/opt/ros/foxy /usr/bin/cmake --build /Rover_2022_2023/software/build/tutorial_interfaces -- -j12 -l12
[0.334s] Invoking command in '/Rover_2022_2023/software/build/tutorial_interfaces': CMAKE_PREFIX_PATH=${CMAKE_PREFIX_PATH}:/opt/ros/foxy /usr/bin/cmake --install /Rover_2022_2023/software/build/tutorial_interfaces
[0.366s] -- Install configuration: ""
[0.367s] -- Up-to-date: /Rover_2022_2023/software/install/tutorial_interfaces/share/ament_index/resource_index/package_run_dependencies/tutorial_interfaces
[0.368s] -- Up-to-date: /Rover_2022_2023/software/install/tutorial_interfaces/share/ament_index/resource_index/parent_prefix_path/tutorial_interfaces
[0.368s] -- Up-to-date: /Rover_2022_2023/software/install/tutorial_interfaces/share/tutorial_interfaces/environment/ament_prefix_path.sh
[0.369s] -- Up-to-date: /Rover_2022_2023/software/install/tutorial_interfaces/share/tutorial_interfaces/environment/ament_prefix_path.dsv
[0.370s] -- Up-to-date: /Rover_2022_2023/software/install/tutorial_interfaces/share/tutorial_interfaces/environment/path.sh
[0.370s] -- Up-to-date: /Rover_2022_2023/software/install/tutorial_interfaces/share/tutorial_interfaces/environment/path.dsv
[0.370s] -- Up-to-date: /Rover_2022_2023/software/install/tutorial_interfaces/share/tutorial_interfaces/local_setup.bash
[0.370s] -- Up-to-date: /Rover_2022_2023/software/install/tutorial_interfaces/share/tutorial_interfaces/local_setup.sh
[0.371s] -- Up-to-date: /Rover_2022_2023/software/install/tutorial_interfaces/share/tutorial_interfaces/local_setup.zsh
[0.371s] -- Up-to-date: /Rover_2022_2023/software/install/tutorial_interfaces/share/tutorial_interfaces/local_setup.dsv
[0.371s] -- Up-to-date: /Rover_2022_2023/software/install/tutorial_interfaces/share/tutorial_interfaces/package.dsv
[0.372s] -- Up-to-date: /Rover_2022_2023/software/install/tutorial_interfaces/share/ament_index/resource_index/packages/tutorial_interfaces
[0.372s] -- Up-to-date: /Rover_2022_2023/software/install/tutorial_interfaces/share/tutorial_interfaces/cmake/tutorial_interfacesConfig.cmake
[0.372s] -- Up-to-date: /Rover_2022_2023/software/install/tutorial_interfaces/share/tutorial_interfaces/cmake/tutorial_interfacesConfig-version.cmake
[0.372s] -- Up-to-date: /Rover_2022_2023/software/install/tutorial_interfaces/share/tutorial_interfaces/package.xml
[0.375s] Invoked command in '/Rover_2022_2023/software/build/tutorial_interfaces' returned '0': CMAKE_PREFIX_PATH=${CMAKE_PREFIX_PATH}:/opt/ros/foxy /usr/bin/cmake --install /Rover_2022_2023/software/build/tutorial_interfaces
