-- Found ament_cmake: 0.9.11 (/opt/ros/foxy/share/ament_cmake/cmake)
-- Found PythonInterp: /usr/bin/python3 (found suitable version "3.8.10", minimum required is "3") 
-- Using PYTHON_EXECUTABLE: /usr/bin/python3
-- Found rosidl_default_generators: 1.0.1 (/opt/ros/foxy/share/rosidl_default_generators/cmake)
-- Using all available rosidl_typesupport_c: rosidl_typesupport_fastrtps_c;rosidl_typesupport_introspection_c
-- Found rosidl_adapter: 1.3.0 (/opt/ros/foxy/share/rosidl_adapter/cmake)
-- Using all available rosidl_typesupport_cpp: rosidl_typesupport_fastrtps_cpp;rosidl_typesupport_introspection_cpp
-- Found PythonInterp: /usr/bin/python3 (found version "3.8.10") 
-- Found ament_cmake_ros: 0.9.2 (/opt/ros/foxy/share/ament_cmake_ros/cmake)
-- Using all available rosidl_typesupport_c: rosidl_typesupport_fastrtps_c;rosidl_typesupport_introspection_c
-- Using all available rosidl_typesupport_cpp: rosidl_typesupport_fastrtps_cpp;rosidl_typesupport_introspection_cpp
-- Found PythonInterp: /usr/bin/python3 (found suitable version "3.8.10", minimum required is "3.5") 
-- Found python_cmake_module: 0.8.1 (/opt/ros/foxy/share/python_cmake_module/cmake)
-- Using PYTHON_EXECUTABLE: /usr/bin/python3
-- Using PYTHON_INCLUDE_DIRS: /usr/include/python3.8
-- Using PYTHON_LIBRARIES: /usr/lib/x86_64-linux-gnu/libpython3.8.so
-- Found ament_lint_auto: 0.9.7 (/opt/ros/foxy/share/ament_lint_auto/cmake)
-- Added test 'copyright' to check source files copyright and LICENSE
-- Added test 'lint_cmake' to check CMake code style
-- Added test 'xmllint' to check XML markup files
-- Configuring done
-- Generating done
-- Build files have been written to: /Rover_2022_2023/software/build/rover_arm_interface
[  2%] Built target rover_arm_interface__cpp
[ 12%] Built target rover_arm_interface__rosidl_generator_c
[ 38%] Built target rover_arm_interface__rosidl_typesupport_c
[ 38%] Built target rover_arm_interface__rosidl_typesupport_cpp
[ 43%] Built target rover_arm_interface__rosidl_typesupport_introspection_cpp
[ 53%] Built target rover_arm_interface__rosidl_typesupport_introspection_c
[ 64%] Built target rover_arm_interface__rosidl_typesupport_fastrtps_cpp
[ 74%] Built target rover_arm_interface__rosidl_typesupport_fastrtps_c
[ 74%] Built target rover_arm_interface
[ 76%] Built target rover_arm_interface__py
[ 84%] Built target rover_arm_interface__python
[ 97%] Built target rover_arm_interface__rosidl_typesupport_fastrtps_c__pyext
[ 97%] Built target rover_arm_interface__rosidl_typesupport_introspection_c__pyext
[100%] Built target rover_arm_interface__rosidl_typesupport_c__pyext
-- Install configuration: ""
-- Up-to-date: /Rover_2022_2023/software/install/rover_arm_interface/share/ament_index/resource_index/rosidl_interfaces/rover_arm_interface
-- Up-to-date: /Rover_2022_2023/software/install/rover_arm_interface/include/rover_arm_interface
-- Up-to-date: /Rover_2022_2023/software/install/rover_arm_interface/include/rover_arm_interface/msg
-- Up-to-date: /Rover_2022_2023/software/install/rover_arm_interface/include/rover_arm_interface/msg/arm_control_message.h
-- Up-to-date: /Rover_2022_2023/software/install/rover_arm_interface/include/rover_arm_interface/msg/detail
-- Up-to-date: /Rover_2022_2023/software/install/rover_arm_interface/include/rover_arm_interface/msg/detail/arm_status_message__functions.c
-- Up-to-date: /Rover_2022_2023/software/install/rover_arm_interface/include/rover_arm_interface/msg/detail/arm_control_message__functions.c
-- Up-to-date: /Rover_2022_2023/software/install/rover_arm_interface/include/rover_arm_interface/msg/detail/arm_status_message__functions.h
-- Up-to-date: /Rover_2022_2023/software/install/rover_arm_interface/include/rover_arm_interface/msg/detail/arm_status_message__struct.h
-- Up-to-date: /Rover_2022_2023/software/install/rover_arm_interface/include/rover_arm_interface/msg/detail/arm_status_message__type_support.h
-- Up-to-date: /Rover_2022_2023/software/install/rover_arm_interface/include/rover_arm_interface/msg/detail/arm_control_message__functions.h
-- Up-to-date: /Rover_2022_2023/software/install/rover_arm_interface/include/rover_arm_interface/msg/detail/arm_control_message__struct.h
-- Up-to-date: /Rover_2022_2023/software/install/rover_arm_interface/include/rover_arm_interface/msg/detail/arm_control_message__type_support.h
-- Up-to-date: /Rover_2022_2023/software/install/rover_arm_interface/include/rover_arm_interface/msg/rosidl_generator_c__visibility_control.h
-- Up-to-date: /Rover_2022_2023/software/install/rover_arm_interface/include/rover_arm_interface/msg/arm_status_message.h
-- Up-to-date: /Rover_2022_2023/software/install/rover_arm_interface/share/rover_arm_interface/environment/library_path.sh
-- Installing: /Rover_2022_2023/software/install/rover_arm_interface/share/rover_arm_interface/environment/library_path.dsv
-- Up-to-date: /Rover_2022_2023/software/install/rover_arm_interface/lib/librover_arm_interface__rosidl_generator_c.so
-- Up-to-date: /Rover_2022_2023/software/install/rover_arm_interface/include/rover_arm_interface
-- Up-to-date: /Rover_2022_2023/software/install/rover_arm_interface/include/rover_arm_interface/msg
-- Up-to-date: /Rover_2022_2023/software/install/rover_arm_interface/include/rover_arm_interface/msg/detail
-- Up-to-date: /Rover_2022_2023/software/install/rover_arm_interface/include/rover_arm_interface/msg/detail/arm_control_message__rosidl_typesupport_fastrtps_c.h
-- Up-to-date: /Rover_2022_2023/software/install/rover_arm_interface/include/rover_arm_interface/msg/detail/arm_status_message__rosidl_typesupport_fastrtps_c.h
-- Up-to-date: /Rover_2022_2023/software/install/rover_arm_interface/include/rover_arm_interface/msg/rosidl_typesupport_fastrtps_c__visibility_control.h
-- Up-to-date: /Rover_2022_2023/software/install/rover_arm_interface/lib/librover_arm_interface__rosidl_typesupport_fastrtps_c.so
-- Up-to-date: /Rover_2022_2023/software/install/rover_arm_interface/include/rover_arm_interface
-- Up-to-date: /Rover_2022_2023/software/install/rover_arm_interface/include/rover_arm_interface/msg
-- Up-to-date: /Rover_2022_2023/software/install/rover_arm_interface/include/rover_arm_interface/msg/detail
-- Up-to-date: /Rover_2022_2023/software/install/rover_arm_interface/include/rover_arm_interface/msg/detail/dds_fastrtps
-- Up-to-date: /Rover_2022_2023/software/install/rover_arm_interface/include/rover_arm_interface/msg/detail/arm_status_message__rosidl_typesupport_fastrtps_cpp.hpp
-- Up-to-date: /Rover_2022_2023/software/install/rover_arm_interface/include/rover_arm_interface/msg/detail/arm_control_message__rosidl_typesupport_fastrtps_cpp.hpp
-- Up-to-date: /Rover_2022_2023/software/install/rover_arm_interface/include/rover_arm_interface/msg/rosidl_typesupport_fastrtps_cpp__visibility_control.h
-- Up-to-date: /Rover_2022_2023/software/install/rover_arm_interface/lib/librover_arm_interface__rosidl_typesupport_fastrtps_cpp.so
-- Up-to-date: /Rover_2022_2023/software/install/rover_arm_interface/include/rover_arm_interface
-- Up-to-date: /Rover_2022_2023/software/install/rover_arm_interface/include/rover_arm_interface/msg
-- Up-to-date: /Rover_2022_2023/software/install/rover_arm_interface/include/rover_arm_interface/msg/detail
-- Up-to-date: /Rover_2022_2023/software/install/rover_arm_interface/include/rover_arm_interface/msg/detail/arm_control_message__rosidl_typesupport_introspection_c.h
-- Up-to-date: /Rover_2022_2023/software/install/rover_arm_interface/include/rover_arm_interface/msg/detail/arm_status_message__type_support.c
-- Up-to-date: /Rover_2022_2023/software/install/rover_arm_interface/include/rover_arm_interface/msg/detail/arm_status_message__rosidl_typesupport_introspection_c.h
-- Up-to-date: /Rover_2022_2023/software/install/rover_arm_interface/include/rover_arm_interface/msg/detail/arm_control_message__type_support.c
-- Up-to-date: /Rover_2022_2023/software/install/rover_arm_interface/include/rover_arm_interface/msg/rosidl_typesupport_introspection_c__visibility_control.h
-- Up-to-date: /Rover_2022_2023/software/install/rover_arm_interface/lib/librover_arm_interface__rosidl_typesupport_introspection_c.so
-- Up-to-date: /Rover_2022_2023/software/install/rover_arm_interface/lib/librover_arm_interface__rosidl_typesupport_c.so
-- Up-to-date: /Rover_2022_2023/software/install/rover_arm_interface/include/rover_arm_interface
-- Up-to-date: /Rover_2022_2023/software/install/rover_arm_interface/include/rover_arm_interface/msg
-- Up-to-date: /Rover_2022_2023/software/install/rover_arm_interface/include/rover_arm_interface/msg/detail
-- Up-to-date: /Rover_2022_2023/software/install/rover_arm_interface/include/rover_arm_interface/msg/detail/arm_status_message__builder.hpp
-- Up-to-date: /Rover_2022_2023/software/install/rover_arm_interface/include/rover_arm_interface/msg/detail/arm_control_message__traits.hpp
-- Up-to-date: /Rover_2022_2023/software/install/rover_arm_interface/include/rover_arm_interface/msg/detail/arm_status_message__struct.hpp
-- Up-to-date: /Rover_2022_2023/software/install/rover_arm_interface/include/rover_arm_interface/msg/detail/arm_control_message__struct.hpp
-- Up-to-date: /Rover_2022_2023/software/install/rover_arm_interface/include/rover_arm_interface/msg/detail/arm_control_message__builder.hpp
-- Up-to-date: /Rover_2022_2023/software/install/rover_arm_interface/include/rover_arm_interface/msg/detail/arm_status_message__traits.hpp
-- Up-to-date: /Rover_2022_2023/software/install/rover_arm_interface/include/rover_arm_interface/msg/arm_control_message.hpp
-- Up-to-date: /Rover_2022_2023/software/install/rover_arm_interface/include/rover_arm_interface/msg/arm_status_message.hpp
-- Up-to-date: /Rover_2022_2023/software/install/rover_arm_interface/include/rover_arm_interface
-- Up-to-date: /Rover_2022_2023/software/install/rover_arm_interface/include/rover_arm_interface/msg
-- Up-to-date: /Rover_2022_2023/software/install/rover_arm_interface/include/rover_arm_interface/msg/detail
-- Up-to-date: /Rover_2022_2023/software/install/rover_arm_interface/include/rover_arm_interface/msg/detail/arm_control_message__type_support.cpp
-- Up-to-date: /Rover_2022_2023/software/install/rover_arm_interface/include/rover_arm_interface/msg/detail/arm_status_message__type_support.cpp
-- Up-to-date: /Rover_2022_2023/software/install/rover_arm_interface/include/rover_arm_interface/msg/detail/arm_control_message__rosidl_typesupport_introspection_cpp.hpp
-- Up-to-date: /Rover_2022_2023/software/install/rover_arm_interface/include/rover_arm_interface/msg/detail/arm_status_message__rosidl_typesupport_introspection_cpp.hpp
-- Up-to-date: /Rover_2022_2023/software/install/rover_arm_interface/lib/librover_arm_interface__rosidl_typesupport_introspection_cpp.so
-- Up-to-date: /Rover_2022_2023/software/install/rover_arm_interface/lib/librover_arm_interface__rosidl_typesupport_cpp.so
-- Up-to-date: /Rover_2022_2023/software/install/rover_arm_interface/share/rover_arm_interface/environment/pythonpath.sh
-- Installing: /Rover_2022_2023/software/install/rover_arm_interface/share/rover_arm_interface/environment/pythonpath.dsv
-- Installing: /Rover_2022_2023/software/install/rover_arm_interface/lib/python3.8/site-packages/rover_arm_interface/__init__.py
Compiling '/Rover_2022_2023/software/install/rover_arm_interface/lib/python3.8/site-packages/rover_arm_interface/__init__.py'...
-- Up-to-date: /Rover_2022_2023/software/install/rover_arm_interface/lib/python3.8/site-packages/rover_arm_interface/msg
-- Up-to-date: /Rover_2022_2023/software/install/rover_arm_interface/lib/python3.8/site-packages/rover_arm_interface/msg/_arm_status_message.py
-- Up-to-date: /Rover_2022_2023/software/install/rover_arm_interface/lib/python3.8/site-packages/rover_arm_interface/msg/__init__.py
-- Up-to-date: /Rover_2022_2023/software/install/rover_arm_interface/lib/python3.8/site-packages/rover_arm_interface/msg/_arm_control_message_s.c
-- Up-to-date: /Rover_2022_2023/software/install/rover_arm_interface/lib/python3.8/site-packages/rover_arm_interface/msg/_arm_control_message.py
-- Up-to-date: /Rover_2022_2023/software/install/rover_arm_interface/lib/python3.8/site-packages/rover_arm_interface/msg/_arm_status_message_s.c
-- Up-to-date: /Rover_2022_2023/software/install/rover_arm_interface/lib/python3.8/site-packages/rover_arm_interface/rover_arm_interface_s__rosidl_typesupport_fastrtps_c.cpython-38-x86_64-linux-gnu.so
-- Up-to-date: /Rover_2022_2023/software/install/rover_arm_interface/lib/python3.8/site-packages/rover_arm_interface/rover_arm_interface_s__rosidl_typesupport_introspection_c.cpython-38-x86_64-linux-gnu.so
-- Up-to-date: /Rover_2022_2023/software/install/rover_arm_interface/lib/python3.8/site-packages/rover_arm_interface/rover_arm_interface_s__rosidl_typesupport_c.cpython-38-x86_64-linux-gnu.so
-- Up-to-date: /Rover_2022_2023/software/install/rover_arm_interface/lib/librover_arm_interface__python.so
-- Up-to-date: /Rover_2022_2023/software/install/rover_arm_interface/share/rover_arm_interface/msg/ArmControlMessage.idl
-- Up-to-date: /Rover_2022_2023/software/install/rover_arm_interface/share/rover_arm_interface/msg/ArmStatusMessage.idl
-- Up-to-date: /Rover_2022_2023/software/install/rover_arm_interface/share/rover_arm_interface/msg/ArmControlMessage.msg
-- Up-to-date: /Rover_2022_2023/software/install/rover_arm_interface/share/rover_arm_interface/msg/ArmStatusMessage.msg
-- Up-to-date: /Rover_2022_2023/software/install/rover_arm_interface/share/ament_index/resource_index/package_run_dependencies/rover_arm_interface
-- Installing: /Rover_2022_2023/software/install/rover_arm_interface/share/ament_index/resource_index/parent_prefix_path/rover_arm_interface
-- Up-to-date: /Rover_2022_2023/software/install/rover_arm_interface/share/rover_arm_interface/environment/ament_prefix_path.sh
-- Installing: /Rover_2022_2023/software/install/rover_arm_interface/share/rover_arm_interface/environment/ament_prefix_path.dsv
-- Up-to-date: /Rover_2022_2023/software/install/rover_arm_interface/share/rover_arm_interface/environment/path.sh
-- Installing: /Rover_2022_2023/software/install/rover_arm_interface/share/rover_arm_interface/environment/path.dsv
-- Up-to-date: /Rover_2022_2023/software/install/rover_arm_interface/share/rover_arm_interface/local_setup.bash
-- Up-to-date: /Rover_2022_2023/software/install/rover_arm_interface/share/rover_arm_interface/local_setup.sh
-- Up-to-date: /Rover_2022_2023/software/install/rover_arm_interface/share/rover_arm_interface/local_setup.zsh
-- Installing: /Rover_2022_2023/software/install/rover_arm_interface/share/rover_arm_interface/local_setup.dsv
-- Installing: /Rover_2022_2023/software/install/rover_arm_interface/share/rover_arm_interface/package.dsv
-- Up-to-date: /Rover_2022_2023/software/install/rover_arm_interface/share/ament_index/resource_index/packages/rover_arm_interface
-- Up-to-date: /Rover_2022_2023/software/install/rover_arm_interface/share/rover_arm_interface/cmake/rover_arm_interface__rosidl_generator_cExport.cmake
-- Installing: /Rover_2022_2023/software/install/rover_arm_interface/share/rover_arm_interface/cmake/rover_arm_interface__rosidl_generator_cExport-noconfig.cmake
-- Up-to-date: /Rover_2022_2023/software/install/rover_arm_interface/share/rover_arm_interface/cmake/rover_arm_interface__rosidl_typesupport_introspection_cExport.cmake
-- Installing: /Rover_2022_2023/software/install/rover_arm_interface/share/rover_arm_interface/cmake/rover_arm_interface__rosidl_typesupport_introspection_cExport-noconfig.cmake
-- Up-to-date: /Rover_2022_2023/software/install/rover_arm_interface/share/rover_arm_interface/cmake/rover_arm_interface__rosidl_typesupport_cExport.cmake
-- Installing: /Rover_2022_2023/software/install/rover_arm_interface/share/rover_arm_interface/cmake/rover_arm_interface__rosidl_typesupport_cExport-noconfig.cmake
-- Up-to-date: /Rover_2022_2023/software/install/rover_arm_interface/share/rover_arm_interface/cmake/rover_arm_interface__rosidl_generator_cppExport.cmake
-- Up-to-date: /Rover_2022_2023/software/install/rover_arm_interface/share/rover_arm_interface/cmake/rover_arm_interface__rosidl_typesupport_introspection_cppExport.cmake
-- Installing: /Rover_2022_2023/software/install/rover_arm_interface/share/rover_arm_interface/cmake/rover_arm_interface__rosidl_typesupport_introspection_cppExport-noconfig.cmake
-- Up-to-date: /Rover_2022_2023/software/install/rover_arm_interface/share/rover_arm_interface/cmake/rover_arm_interface__rosidl_typesupport_cppExport.cmake
-- Installing: /Rover_2022_2023/software/install/rover_arm_interface/share/rover_arm_interface/cmake/rover_arm_interface__rosidl_typesupport_cppExport-noconfig.cmake
-- Up-to-date: /Rover_2022_2023/software/install/rover_arm_interface/share/rover_arm_interface/cmake/rosidl_cmake-extras.cmake
-- Up-to-date: /Rover_2022_2023/software/install/rover_arm_interface/share/rover_arm_interface/cmake/ament_cmake_export_dependencies-extras.cmake
-- Up-to-date: /Rover_2022_2023/software/install/rover_arm_interface/share/rover_arm_interface/cmake/ament_cmake_export_libraries-extras.cmake
-- Up-to-date: /Rover_2022_2023/software/install/rover_arm_interface/share/rover_arm_interface/cmake/ament_cmake_export_targets-extras.cmake
-- Up-to-date: /Rover_2022_2023/software/install/rover_arm_interface/share/rover_arm_interface/cmake/ament_cmake_export_include_directories-extras.cmake
-- Up-to-date: /Rover_2022_2023/software/install/rover_arm_interface/share/rover_arm_interface/cmake/rosidl_cmake_export_typesupport_libraries-extras.cmake
-- Up-to-date: /Rover_2022_2023/software/install/rover_arm_interface/share/rover_arm_interface/cmake/rosidl_cmake_export_typesupport_targets-extras.cmake
-- Up-to-date: /Rover_2022_2023/software/install/rover_arm_interface/share/rover_arm_interface/cmake/rover_arm_interfaceConfig.cmake
-- Up-to-date: /Rover_2022_2023/software/install/rover_arm_interface/share/rover_arm_interface/cmake/rover_arm_interfaceConfig-version.cmake
-- Up-to-date: /Rover_2022_2023/software/install/rover_arm_interface/share/rover_arm_interface/package.xml
