[0.064s] Invoking command in '/Rover_2022_2023/software/build/tutorial_interfaces': CMAKE_PREFIX_PATH=${CMAKE_PREFIX_PATH}:/opt/ros/foxy /usr/bin/cmake --build /Rover_2022_2023/software/build/tutorial_interfaces -- -j12 -l12
[0.171s] -- Found ament_cmake: 0.9.11 (/opt/ros/foxy/share/ament_cmake/cmake)
[0.253s] -- Using PYTHON_EXECUTABLE: /usr/bin/python3
[0.839s] -- Found rosidl_default_generators: 1.0.1 (/opt/ros/foxy/share/rosidl_default_generators/cmake)
[0.852s] -- Using all available rosidl_typesupport_c: rosidl_typesupport_fastrtps_c;rosidl_typesupport_introspection_c
[0.862s] -- Found rosidl_adapter: 1.3.0 (/opt/ros/foxy/share/rosidl_adapter/cmake)
[1.172s] -- Found OpenSSL: /usr/lib/x86_64-linux-gnu/libcrypto.so (found version "1.1.1f")  
[1.288s] -- Found FastRTPS: /opt/ros/foxy/include  
[1.562s] -- Using all available rosidl_typesupport_cpp: rosidl_typesupport_fastrtps_cpp;rosidl_typesupport_introspection_cpp
[1.642s] -- Found PythonInterp: /usr/bin/python3 (found version "3.8.10") 
[2.052s] -- Found ament_cmake_ros: 0.9.2 (/opt/ros/foxy/share/ament_cmake_ros/cmake)
[2.496s] -- Using all available rosidl_typesupport_c: rosidl_typesupport_fastrtps_c;rosidl_typesupport_introspection_c
[2.522s] -- Using all available rosidl_typesupport_cpp: rosidl_typesupport_fastrtps_cpp;rosidl_typesupport_introspection_cpp
[2.602s] -- Found PythonInterp: /usr/bin/python3 (found suitable version "3.8.10", minimum required is "3.5") 
[2.608s] -- Found python_cmake_module: 0.8.1 (/opt/ros/foxy/share/python_cmake_module/cmake)
[2.677s] -- Found PythonLibs: /usr/lib/x86_64-linux-gnu/libpython3.8.so (found suitable version "3.8.10", minimum required is "3.5") 
[2.677s] -- Using PYTHON_EXECUTABLE: /usr/bin/python3
[2.677s] -- Using PYTHON_INCLUDE_DIRS: /usr/include/python3.8
[2.678s] -- Using PYTHON_LIBRARIES: /usr/lib/x86_64-linux-gnu/libpython3.8.so
[2.755s] -- Found PythonExtra: .so  
[2.911s] -- Found ament_lint_auto: 0.9.7 (/opt/ros/foxy/share/ament_lint_auto/cmake)
[2.959s] -- Added test 'copyright' to check source files copyright and LICENSE
[2.962s] -- Added test 'lint_cmake' to check CMake code style
[2.965s] -- Added test 'xmllint' to check XML markup files
[2.985s] -- Configuring done
[3.093s] -- Generating done
[3.103s] -- Build files have been written to: /Rover_2022_2023/software/build/tutorial_interfaces
[3.190s] [  3%] [34m[1mGenerating C code for ROS interfaces[0m
[3.190s] [35m[1mScanning dependencies of target tutorial_interfaces__cpp[0m
[3.228s] [  6%] [34m[1mGenerating C++ code for ROS interfaces[0m
[3.985s] [  6%] Built target tutorial_interfaces__cpp
[4.025s] [  9%] [34m[1mGenerating C++ type support dispatch for ROS interfaces[0m
[4.026s] [35m[1mScanning dependencies of target tutorial_interfaces__rosidl_generator_c[0m
[4.029s] [ 12%] [34m[1mGenerating C++ type support for eProsima Fast-RTPS[0m
[4.030s] [ 16%] [34m[1mGenerating C++ introspection for ROS interfaces[0m
[4.045s] [ 19%] [32mBuilding C object CMakeFiles/tutorial_interfaces__rosidl_generator_c.dir/rosidl_generator_c/tutorial_interfaces/msg/detail/num__functions.c.o[0m
[4.195s] [ 22%] [32m[1mLinking C shared library libtutorial_interfaces__rosidl_generator_c.so[0m
[4.338s] [ 22%] Built target tutorial_interfaces__rosidl_generator_c
[4.375s] [ 29%] [34m[1mGenerating C type support dispatch for ROS interfaces[0m
[4.376s] [ 29%] [34m[1mGenerating C introspection for ROS interfaces[0m
[4.667s] [35m[1mScanning dependencies of target tutorial_interfaces__rosidl_typesupport_cpp[0m
[4.692s] [ 32%] [32mBuilding CXX object CMakeFiles/tutorial_interfaces__rosidl_typesupport_cpp.dir/rosidl_typesupport_cpp/tutorial_interfaces/msg/num__type_support.cpp.o[0m
[4.730s] [35m[1mScanning dependencies of target tutorial_interfaces__rosidl_typesupport_fastrtps_cpp[0m
[4.730s] [35m[1mScanning dependencies of target tutorial_interfaces__rosidl_typesupport_introspection_cpp[0m
[4.755s] [ 38%] [32mBuilding CXX object CMakeFiles/tutorial_interfaces__rosidl_typesupport_fastrtps_cpp.dir/rosidl_typesupport_fastrtps_cpp/tutorial_interfaces/msg/detail/dds_fastrtps/num__type_support.cpp.o[0m
[4.755s] [ 38%] [32mBuilding CXX object CMakeFiles/tutorial_interfaces__rosidl_typesupport_introspection_cpp.dir/rosidl_typesupport_introspection_cpp/tutorial_interfaces/msg/detail/num__type_support.cpp.o[0m
[4.923s] [35m[1mScanning dependencies of target tutorial_interfaces__rosidl_typesupport_c[0m
[4.968s] [ 41%] [32mBuilding CXX object CMakeFiles/tutorial_interfaces__rosidl_typesupport_c.dir/rosidl_typesupport_c/tutorial_interfaces/msg/num__type_support.cpp.o[0m
[5.035s] [35m[1mScanning dependencies of target tutorial_interfaces__rosidl_typesupport_introspection_c[0m
[5.080s] [ 48%] [32m[1mLinking CXX shared library libtutorial_interfaces__rosidl_typesupport_c.so[0m
[5.081s] [ 48%] [32mBuilding C object CMakeFiles/tutorial_interfaces__rosidl_typesupport_introspection_c.dir/rosidl_typesupport_introspection_c/tutorial_interfaces/msg/detail/num__type_support.c.o[0m
[5.214s] [ 51%] [32m[1mLinking C shared library libtutorial_interfaces__rosidl_typesupport_introspection_c.so[0m
[5.238s] [ 51%] Built target tutorial_interfaces__rosidl_typesupport_c
[5.335s] [ 51%] Built target tutorial_interfaces__rosidl_typesupport_introspection_c
[5.694s] [ 54%] [32m[1mLinking CXX shared library libtutorial_interfaces__rosidl_typesupport_cpp.so[0m
[5.728s] [ 58%] [32m[1mLinking CXX shared library libtutorial_interfaces__rosidl_typesupport_introspection_cpp.so[0m
[5.848s] [ 58%] Built target tutorial_interfaces__rosidl_typesupport_cpp
[5.879s] [ 58%] Built target tutorial_interfaces__rosidl_typesupport_introspection_cpp
[6.218s] [ 61%] [32m[1mLinking CXX shared library libtutorial_interfaces__rosidl_typesupport_fastrtps_cpp.so[0m
[6.557s] [ 61%] Built target tutorial_interfaces__rosidl_typesupport_fastrtps_cpp
[6.596s] [ 64%] [34m[1mGenerating C type support for eProsima Fast-RTPS[0m
[7.263s] [35m[1mScanning dependencies of target tutorial_interfaces__rosidl_typesupport_fastrtps_c[0m
[7.304s] [ 67%] [32mBuilding CXX object CMakeFiles/tutorial_interfaces__rosidl_typesupport_fastrtps_c.dir/rosidl_typesupport_fastrtps_c/tutorial_interfaces/msg/detail/num__type_support_c.cpp.o[0m
[8.485s] [ 70%] [32m[1mLinking CXX shared library libtutorial_interfaces__rosidl_typesupport_fastrtps_c.so[0m
[8.759s] [ 70%] Built target tutorial_interfaces__rosidl_typesupport_fastrtps_c
[8.796s] [35m[1mScanning dependencies of target tutorial_interfaces[0m
[8.832s] [ 70%] Built target tutorial_interfaces
[8.868s] [35m[1mScanning dependencies of target tutorial_interfaces__py[0m
[8.905s] [ 74%] [34m[1mGenerating Python code for ROS interfaces[0m
[10.282s] [ 74%] Built target tutorial_interfaces__py
[10.319s] [35m[1mScanning dependencies of target tutorial_interfaces__python[0m
[10.363s] [ 77%] [32mBuilding C object CMakeFiles/tutorial_interfaces__python.dir/rosidl_generator_py/tutorial_interfaces/msg/_num_s.c.o[0m
[10.630s] [ 80%] [32m[1mLinking C shared library rosidl_generator_py/tutorial_interfaces/libtutorial_interfaces__python.so[0m
[10.769s] [ 80%] Built target tutorial_interfaces__python
[10.808s] [35m[1mScanning dependencies of target tutorial_interfaces__rosidl_typesupport_c__pyext[0m
[10.809s] [35m[1mScanning dependencies of target tutorial_interfaces__rosidl_typesupport_introspection_c__pyext[0m
[10.809s] [35m[1mScanning dependencies of target tutorial_interfaces__rosidl_typesupport_fastrtps_c__pyext[0m
[10.871s] [ 83%] [32mBuilding C object CMakeFiles/tutorial_interfaces__rosidl_typesupport_c__pyext.dir/rosidl_generator_py/tutorial_interfaces/_tutorial_interfaces_s.ep.rosidl_typesupport_c.c.o[0m
[10.874s] [ 87%] [32mBuilding C object CMakeFiles/tutorial_interfaces__rosidl_typesupport_fastrtps_c__pyext.dir/rosidl_generator_py/tutorial_interfaces/_tutorial_interfaces_s.ep.rosidl_typesupport_fastrtps_c.c.o[0m
[10.890s] [ 90%] [32mBuilding C object CMakeFiles/tutorial_interfaces__rosidl_typesupport_introspection_c__pyext.dir/rosidl_generator_py/tutorial_interfaces/_tutorial_interfaces_s.ep.rosidl_typesupport_introspection_c.c.o[0m
[11.160s] [ 93%] [32m[1mLinking C shared library rosidl_generator_py/tutorial_interfaces/tutorial_interfaces_s__rosidl_typesupport_c.cpython-38-x86_64-linux-gnu.so[0m
[11.169s] [ 96%] [32m[1mLinking CXX shared library rosidl_generator_py/tutorial_interfaces/tutorial_interfaces_s__rosidl_typesupport_fastrtps_c.cpython-38-x86_64-linux-gnu.so[0m
[11.185s] [100%] [32m[1mLinking C shared library rosidl_generator_py/tutorial_interfaces/tutorial_interfaces_s__rosidl_typesupport_introspection_c.cpython-38-x86_64-linux-gnu.so[0m
[11.283s] [100%] Built target tutorial_interfaces__rosidl_typesupport_c__pyext
[11.309s] [100%] Built target tutorial_interfaces__rosidl_typesupport_introspection_c__pyext
[11.394s] [100%] Built target tutorial_interfaces__rosidl_typesupport_fastrtps_c__pyext
[11.435s] Invoked command in '/Rover_2022_2023/software/build/tutorial_interfaces' returned '0': CMAKE_PREFIX_PATH=${CMAKE_PREFIX_PATH}:/opt/ros/foxy /usr/bin/cmake --build /Rover_2022_2023/software/build/tutorial_interfaces -- -j12 -l12
[11.640s] Invoking command in '/Rover_2022_2023/software/build/tutorial_interfaces': CMAKE_PREFIX_PATH=${CMAKE_PREFIX_PATH}:/opt/ros/foxy /usr/bin/cmake --install /Rover_2022_2023/software/build/tutorial_interfaces
[11.678s] -- Install configuration: ""
[11.678s] -- Installing: /Rover_2022_2023/software/install/tutorial_interfaces/share/ament_index/resource_index/rosidl_interfaces/tutorial_interfaces
[11.679s] -- Installing: /Rover_2022_2023/software/install/tutorial_interfaces/include/tutorial_interfaces
[11.680s] -- Installing: /Rover_2022_2023/software/install/tutorial_interfaces/include/tutorial_interfaces/msg
[11.680s] -- Installing: /Rover_2022_2023/software/install/tutorial_interfaces/include/tutorial_interfaces/msg/detail
[11.680s] -- Installing: /Rover_2022_2023/software/install/tutorial_interfaces/include/tutorial_interfaces/msg/detail/num__type_support.h
[11.681s] -- Installing: /Rover_2022_2023/software/install/tutorial_interfaces/include/tutorial_interfaces/msg/detail/num__functions.c
[11.681s] -- Installing: /Rover_2022_2023/software/install/tutorial_interfaces/include/tutorial_interfaces/msg/detail/num__struct.h
[11.682s] -- Installing: /Rover_2022_2023/software/install/tutorial_interfaces/include/tutorial_interfaces/msg/detail/num__functions.h
[11.682s] -- Installing: /Rover_2022_2023/software/install/tutorial_interfaces/include/tutorial_interfaces/msg/num.h
[11.683s] -- Installing: /Rover_2022_2023/software/install/tutorial_interfaces/include/tutorial_interfaces/msg/rosidl_generator_c__visibility_control.h
[11.683s] -- Installing: /Rover_2022_2023/software/install/tutorial_interfaces/share/tutorial_interfaces/environment/library_path.sh
[11.683s] -- Installing: /Rover_2022_2023/software/install/tutorial_interfaces/share/tutorial_interfaces/environment/library_path.dsv
[11.684s] -- Installing: /Rover_2022_2023/software/install/tutorial_interfaces/lib/libtutorial_interfaces__rosidl_generator_c.so
[11.686s] -- Set runtime path of "/Rover_2022_2023/software/install/tutorial_interfaces/lib/libtutorial_interfaces__rosidl_generator_c.so" to ""
[11.686s] -- Up-to-date: /Rover_2022_2023/software/install/tutorial_interfaces/include/tutorial_interfaces
[11.687s] -- Up-to-date: /Rover_2022_2023/software/install/tutorial_interfaces/include/tutorial_interfaces/msg
[11.687s] -- Up-to-date: /Rover_2022_2023/software/install/tutorial_interfaces/include/tutorial_interfaces/msg/detail
[11.687s] -- Installing: /Rover_2022_2023/software/install/tutorial_interfaces/include/tutorial_interfaces/msg/detail/num__rosidl_typesupport_fastrtps_c.h
[11.688s] -- Installing: /Rover_2022_2023/software/install/tutorial_interfaces/include/tutorial_interfaces/msg/rosidl_typesupport_fastrtps_c__visibility_control.h
[11.688s] -- Installing: /Rover_2022_2023/software/install/tutorial_interfaces/lib/libtutorial_interfaces__rosidl_typesupport_fastrtps_c.so
[11.689s] -- Set runtime path of "/Rover_2022_2023/software/install/tutorial_interfaces/lib/libtutorial_interfaces__rosidl_typesupport_fastrtps_c.so" to ""
[11.690s] -- Up-to-date: /Rover_2022_2023/software/install/tutorial_interfaces/include/tutorial_interfaces
[11.690s] -- Up-to-date: /Rover_2022_2023/software/install/tutorial_interfaces/include/tutorial_interfaces/msg
[11.690s] -- Up-to-date: /Rover_2022_2023/software/install/tutorial_interfaces/include/tutorial_interfaces/msg/detail
[11.691s] -- Installing: /Rover_2022_2023/software/install/tutorial_interfaces/include/tutorial_interfaces/msg/detail/dds_fastrtps
[11.691s] -- Installing: /Rover_2022_2023/software/install/tutorial_interfaces/include/tutorial_interfaces/msg/detail/num__rosidl_typesupport_fastrtps_cpp.hpp
[11.691s] -- Installing: /Rover_2022_2023/software/install/tutorial_interfaces/include/tutorial_interfaces/msg/rosidl_typesupport_fastrtps_cpp__visibility_control.h
[11.692s] -- Installing: /Rover_2022_2023/software/install/tutorial_interfaces/lib/libtutorial_interfaces__rosidl_typesupport_fastrtps_cpp.so
[11.693s] -- Set runtime path of "/Rover_2022_2023/software/install/tutorial_interfaces/lib/libtutorial_interfaces__rosidl_typesupport_fastrtps_cpp.so" to ""
[11.693s] -- Up-to-date: /Rover_2022_2023/software/install/tutorial_interfaces/include/tutorial_interfaces
[11.694s] -- Up-to-date: /Rover_2022_2023/software/install/tutorial_interfaces/include/tutorial_interfaces/msg
[11.694s] -- Up-to-date: /Rover_2022_2023/software/install/tutorial_interfaces/include/tutorial_interfaces/msg/detail
[11.695s] -- Installing: /Rover_2022_2023/software/install/tutorial_interfaces/include/tutorial_interfaces/msg/detail/num__rosidl_typesupport_introspection_c.h
[11.695s] -- Installing: /Rover_2022_2023/software/install/tutorial_interfaces/include/tutorial_interfaces/msg/detail/num__type_support.c
[11.695s] -- Installing: /Rover_2022_2023/software/install/tutorial_interfaces/include/tutorial_interfaces/msg/rosidl_typesupport_introspection_c__visibility_control.h
[11.696s] -- Installing: /Rover_2022_2023/software/install/tutorial_interfaces/lib/libtutorial_interfaces__rosidl_typesupport_introspection_c.so
[11.697s] -- Set runtime path of "/Rover_2022_2023/software/install/tutorial_interfaces/lib/libtutorial_interfaces__rosidl_typesupport_introspection_c.so" to ""
[11.698s] -- Installing: /Rover_2022_2023/software/install/tutorial_interfaces/lib/libtutorial_interfaces__rosidl_typesupport_c.so
[11.699s] -- Set runtime path of "/Rover_2022_2023/software/install/tutorial_interfaces/lib/libtutorial_interfaces__rosidl_typesupport_c.so" to ""
[11.700s] -- Up-to-date: /Rover_2022_2023/software/install/tutorial_interfaces/include/tutorial_interfaces
[11.700s] -- Up-to-date: /Rover_2022_2023/software/install/tutorial_interfaces/include/tutorial_interfaces/msg
[11.700s] -- Up-to-date: /Rover_2022_2023/software/install/tutorial_interfaces/include/tutorial_interfaces/msg/detail
[11.701s] -- Installing: /Rover_2022_2023/software/install/tutorial_interfaces/include/tutorial_interfaces/msg/detail/num__builder.hpp
[11.701s] -- Installing: /Rover_2022_2023/software/install/tutorial_interfaces/include/tutorial_interfaces/msg/detail/num__traits.hpp
[11.702s] -- Installing: /Rover_2022_2023/software/install/tutorial_interfaces/include/tutorial_interfaces/msg/detail/num__struct.hpp
[11.702s] -- Installing: /Rover_2022_2023/software/install/tutorial_interfaces/include/tutorial_interfaces/msg/num.hpp
[11.702s] -- Up-to-date: /Rover_2022_2023/software/install/tutorial_interfaces/include/tutorial_interfaces
[11.703s] -- Up-to-date: /Rover_2022_2023/software/install/tutorial_interfaces/include/tutorial_interfaces/msg
[11.703s] -- Up-to-date: /Rover_2022_2023/software/install/tutorial_interfaces/include/tutorial_interfaces/msg/detail
[11.704s] -- Installing: /Rover_2022_2023/software/install/tutorial_interfaces/include/tutorial_interfaces/msg/detail/num__rosidl_typesupport_introspection_cpp.hpp
[11.704s] -- Installing: /Rover_2022_2023/software/install/tutorial_interfaces/include/tutorial_interfaces/msg/detail/num__type_support.cpp
[11.704s] -- Installing: /Rover_2022_2023/software/install/tutorial_interfaces/lib/libtutorial_interfaces__rosidl_typesupport_introspection_cpp.so
[11.705s] -- Set runtime path of "/Rover_2022_2023/software/install/tutorial_interfaces/lib/libtutorial_interfaces__rosidl_typesupport_introspection_cpp.so" to ""
[11.705s] -- Installing: /Rover_2022_2023/software/install/tutorial_interfaces/lib/libtutorial_interfaces__rosidl_typesupport_cpp.so
[11.706s] -- Set runtime path of "/Rover_2022_2023/software/install/tutorial_interfaces/lib/libtutorial_interfaces__rosidl_typesupport_cpp.so" to ""
[11.707s] -- Installing: /Rover_2022_2023/software/install/tutorial_interfaces/share/tutorial_interfaces/environment/pythonpath.sh
[11.707s] -- Installing: /Rover_2022_2023/software/install/tutorial_interfaces/share/tutorial_interfaces/environment/pythonpath.dsv
[11.708s] -- Installing: /Rover_2022_2023/software/install/tutorial_interfaces/lib/python3.8/site-packages/tutorial_interfaces/__init__.py
[11.832s] Compiling '/Rover_2022_2023/software/install/tutorial_interfaces/lib/python3.8/site-packages/tutorial_interfaces/__init__.py'...
[11.846s] -- Installing: /Rover_2022_2023/software/install/tutorial_interfaces/lib/python3.8/site-packages/tutorial_interfaces/msg
[11.846s] -- Installing: /Rover_2022_2023/software/install/tutorial_interfaces/lib/python3.8/site-packages/tutorial_interfaces/msg/__init__.py
[11.846s] -- Installing: /Rover_2022_2023/software/install/tutorial_interfaces/lib/python3.8/site-packages/tutorial_interfaces/msg/_num.py
[11.847s] -- Installing: /Rover_2022_2023/software/install/tutorial_interfaces/lib/python3.8/site-packages/tutorial_interfaces/msg/_num_s.c
[11.848s] -- Installing: /Rover_2022_2023/software/install/tutorial_interfaces/lib/python3.8/site-packages/tutorial_interfaces/tutorial_interfaces_s__rosidl_typesupport_fastrtps_c.cpython-38-x86_64-linux-gnu.so
[11.850s] -- Set runtime path of "/Rover_2022_2023/software/install/tutorial_interfaces/lib/python3.8/site-packages/tutorial_interfaces/tutorial_interfaces_s__rosidl_typesupport_fastrtps_c.cpython-38-x86_64-linux-gnu.so" to ""
[11.851s] -- Installing: /Rover_2022_2023/software/install/tutorial_interfaces/lib/python3.8/site-packages/tutorial_interfaces/tutorial_interfaces_s__rosidl_typesupport_introspection_c.cpython-38-x86_64-linux-gnu.so
[11.852s] -- Set runtime path of "/Rover_2022_2023/software/install/tutorial_interfaces/lib/python3.8/site-packages/tutorial_interfaces/tutorial_interfaces_s__rosidl_typesupport_introspection_c.cpython-38-x86_64-linux-gnu.so" to ""
[11.853s] -- Installing: /Rover_2022_2023/software/install/tutorial_interfaces/lib/python3.8/site-packages/tutorial_interfaces/tutorial_interfaces_s__rosidl_typesupport_c.cpython-38-x86_64-linux-gnu.so
[11.855s] -- Set runtime path of "/Rover_2022_2023/software/install/tutorial_interfaces/lib/python3.8/site-packages/tutorial_interfaces/tutorial_interfaces_s__rosidl_typesupport_c.cpython-38-x86_64-linux-gnu.so" to ""
[11.856s] -- Installing: /Rover_2022_2023/software/install/tutorial_interfaces/lib/libtutorial_interfaces__python.so
[11.857s] -- Set runtime path of "/Rover_2022_2023/software/install/tutorial_interfaces/lib/libtutorial_interfaces__python.so" to ""
[11.857s] -- Installing: /Rover_2022_2023/software/install/tutorial_interfaces/share/tutorial_interfaces/msg/Num.idl
[11.858s] -- Installing: /Rover_2022_2023/software/install/tutorial_interfaces/share/tutorial_interfaces/msg/Num.msg
[11.858s] -- Installing: /Rover_2022_2023/software/install/tutorial_interfaces/share/ament_index/resource_index/package_run_dependencies/tutorial_interfaces
[11.859s] -- Installing: /Rover_2022_2023/software/install/tutorial_interfaces/share/ament_index/resource_index/parent_prefix_path/tutorial_interfaces
[11.860s] -- Up-to-date: /Rover_2022_2023/software/install/tutorial_interfaces/share/tutorial_interfaces/environment/ament_prefix_path.sh
[11.860s] -- Installing: /Rover_2022_2023/software/install/tutorial_interfaces/share/tutorial_interfaces/environment/ament_prefix_path.dsv
[11.861s] -- Up-to-date: /Rover_2022_2023/software/install/tutorial_interfaces/share/tutorial_interfaces/environment/path.sh
[11.862s] -- Installing: /Rover_2022_2023/software/install/tutorial_interfaces/share/tutorial_interfaces/environment/path.dsv
[11.863s] -- Up-to-date: /Rover_2022_2023/software/install/tutorial_interfaces/share/tutorial_interfaces/local_setup.bash
[11.863s] -- Installing: /Rover_2022_2023/software/install/tutorial_interfaces/share/tutorial_interfaces/local_setup.sh
[11.864s] -- Up-to-date: /Rover_2022_2023/software/install/tutorial_interfaces/share/tutorial_interfaces/local_setup.zsh
[11.864s] -- Installing: /Rover_2022_2023/software/install/tutorial_interfaces/share/tutorial_interfaces/local_setup.dsv
[11.865s] -- Installing: /Rover_2022_2023/software/install/tutorial_interfaces/share/tutorial_interfaces/package.dsv
[11.865s] -- Up-to-date: /Rover_2022_2023/software/install/tutorial_interfaces/share/ament_index/resource_index/packages/tutorial_interfaces
[11.866s] -- Installing: /Rover_2022_2023/software/install/tutorial_interfaces/share/tutorial_interfaces/cmake/tutorial_interfaces__rosidl_generator_cExport.cmake
[11.866s] -- Installing: /Rover_2022_2023/software/install/tutorial_interfaces/share/tutorial_interfaces/cmake/tutorial_interfaces__rosidl_generator_cExport-noconfig.cmake
[11.867s] -- Installing: /Rover_2022_2023/software/install/tutorial_interfaces/share/tutorial_interfaces/cmake/tutorial_interfaces__rosidl_typesupport_introspection_cExport.cmake
[11.868s] -- Installing: /Rover_2022_2023/software/install/tutorial_interfaces/share/tutorial_interfaces/cmake/tutorial_interfaces__rosidl_typesupport_introspection_cExport-noconfig.cmake
[11.868s] -- Installing: /Rover_2022_2023/software/install/tutorial_interfaces/share/tutorial_interfaces/cmake/tutorial_interfaces__rosidl_typesupport_cExport.cmake
[11.869s] -- Installing: /Rover_2022_2023/software/install/tutorial_interfaces/share/tutorial_interfaces/cmake/tutorial_interfaces__rosidl_typesupport_cExport-noconfig.cmake
[11.870s] -- Installing: /Rover_2022_2023/software/install/tutorial_interfaces/share/tutorial_interfaces/cmake/tutorial_interfaces__rosidl_generator_cppExport.cmake
[11.870s] -- Installing: /Rover_2022_2023/software/install/tutorial_interfaces/share/tutorial_interfaces/cmake/tutorial_interfaces__rosidl_typesupport_introspection_cppExport.cmake
[11.870s] -- Installing: /Rover_2022_2023/software/install/tutorial_interfaces/share/tutorial_interfaces/cmake/tutorial_interfaces__rosidl_typesupport_introspection_cppExport-noconfig.cmake
[11.871s] -- Installing: /Rover_2022_2023/software/install/tutorial_interfaces/share/tutorial_interfaces/cmake/tutorial_interfaces__rosidl_typesupport_cppExport.cmake
[11.872s] -- Installing: /Rover_2022_2023/software/install/tutorial_interfaces/share/tutorial_interfaces/cmake/tutorial_interfaces__rosidl_typesupport_cppExport-noconfig.cmake
[11.873s] -- Installing: /Rover_2022_2023/software/install/tutorial_interfaces/share/tutorial_interfaces/cmake/rosidl_cmake-extras.cmake
[11.873s] -- Installing: /Rover_2022_2023/software/install/tutorial_interfaces/share/tutorial_interfaces/cmake/ament_cmake_export_dependencies-extras.cmake
[11.874s] -- Installing: /Rover_2022_2023/software/install/tutorial_interfaces/share/tutorial_interfaces/cmake/ament_cmake_export_libraries-extras.cmake
[11.875s] -- Installing: /Rover_2022_2023/software/install/tutorial_interfaces/share/tutorial_interfaces/cmake/ament_cmake_export_targets-extras.cmake
[11.875s] -- Installing: /Rover_2022_2023/software/install/tutorial_interfaces/share/tutorial_interfaces/cmake/ament_cmake_export_include_directories-extras.cmake
[11.876s] -- Installing: /Rover_2022_2023/software/install/tutorial_interfaces/share/tutorial_interfaces/cmake/rosidl_cmake_export_typesupport_libraries-extras.cmake
[11.877s] -- Installing: /Rover_2022_2023/software/install/tutorial_interfaces/share/tutorial_interfaces/cmake/rosidl_cmake_export_typesupport_targets-extras.cmake
[11.877s] -- Installing: /Rover_2022_2023/software/install/tutorial_interfaces/share/tutorial_interfaces/cmake/tutorial_interfacesConfig.cmake
[11.878s] -- Up-to-date: /Rover_2022_2023/software/install/tutorial_interfaces/share/tutorial_interfaces/cmake/tutorial_interfacesConfig-version.cmake
[11.878s] -- Installing: /Rover_2022_2023/software/install/tutorial_interfaces/share/tutorial_interfaces/package.xml
[11.888s] Invoked command in '/Rover_2022_2023/software/build/tutorial_interfaces' returned '0': CMAKE_PREFIX_PATH=${CMAKE_PREFIX_PATH}:/opt/ros/foxy /usr/bin/cmake --install /Rover_2022_2023/software/build/tutorial_interfaces
