[0.022s] Invoking command in '/Rover_2022_2023/software/build/rover_arm_interface': /usr/bin/cmake /Rover_2022_2023/software/ros_packages/rover_arm_interface -DCMAKE_INSTALL_PREFIX=/Rover_2022_2023/software/install/rover_arm_interface
[0.137s] -- The C compiler identification is GNU 9.4.0
[0.260s] -- The CXX compiler identification is GNU 9.4.0
[0.272s] -- Check for working C compiler: /usr/bin/cc
[0.501s] -- Check for working C compiler: /usr/bin/cc -- works
[0.513s] -- Detecting C compiler ABI info
[0.792s] -- Detecting C compiler ABI info - done
[0.860s] -- Detecting C compile features
[0.862s] -- Detecting C compile features - done
[0.870s] -- Check for working CXX compiler: /usr/bin/c++
[1.149s] -- Check for working CXX compiler: /usr/bin/c++ -- works
[1.153s] -- Detecting CXX compiler ABI info
[1.439s] -- Detecting CXX compiler ABI info - done
[1.492s] -- Detecting CXX compile features
[1.495s] -- Detecting CXX compile features - done
[1.516s] -- Found ament_cmake: 0.9.11 (/opt/ros/foxy/share/ament_cmake/cmake)
[1.580s] -- Found PythonInterp: /usr/bin/python3 (found suitable version "3.8.10", minimum required is "3") 
[1.580s] -- Using PYTHON_EXECUTABLE: /usr/bin/python3
[2.193s] -- Found rosidl_default_generators: 1.0.1 (/opt/ros/foxy/share/rosidl_default_generators/cmake)
[2.196s] -- Using all available rosidl_typesupport_c: rosidl_typesupport_fastrtps_c;rosidl_typesupport_introspection_c
[2.206s] -- Found rosidl_adapter: 1.3.0 (/opt/ros/foxy/share/rosidl_adapter/cmake)
[2.493s] -- Found OpenSSL: /usr/lib/x86_64-linux-gnu/libcrypto.so (found version "1.1.1f")  
[2.607s] -- Found FastRTPS: /opt/ros/foxy/include  
[2.866s] -- Using all available rosidl_typesupport_cpp: rosidl_typesupport_fastrtps_cpp;rosidl_typesupport_introspection_cpp
[2.947s] -- Found PythonInterp: /usr/bin/python3 (found version "3.8.10") 
[3.297s] Error parsing '/Rover_2022_2023/software/ros_packages/rover_arm_interface/package.xml':
[3.307s] Traceback (most recent call last):
[3.308s]   File "/opt/ros/foxy/share/ament_cmake_core/cmake/core/package_xml_2_cmake.py", line 143, in <module>
[3.308s]     main()
[3.308s]   File "/opt/ros/foxy/share/ament_cmake_core/cmake/core/package_xml_2_cmake.py", line 52, in main
[3.309s]     raise e
[3.309s]   File "/opt/ros/foxy/share/ament_cmake_core/cmake/core/package_xml_2_cmake.py", line 48, in main
[3.310s]     package = parse_package_string(
[3.310s]   File "/usr/lib/python3/dist-packages/catkin_pkg/package.py", line 788, in parse_package_string
[3.310s]     pkg.validate(warnings=warnings)
[3.311s]   File "/usr/lib/python3/dist-packages/catkin_pkg/package.py", line 330, in validate
[3.311s]     raise InvalidPackage('\n'.join(errors), self.filename)
[3.311s] catkin_pkg.package.InvalidPackage: Error(s) in package '/Rover_2022_2023/software/ros_packages/rover_arm_interface/package.xml':
[3.312s] Package 'rover_arm_interface' must declare at least one maintainer
[3.328s] CMake Error at /opt/ros/foxy/share/ament_cmake_core/cmake/core/ament_package_xml.cmake:94 (message):
[3.329s]   execute_process(/usr/bin/python3
[3.329s]   /opt/ros/foxy/share/ament_cmake_core/cmake/core/package_xml_2_cmake.py
[3.329s]   /Rover_2022_2023/software/ros_packages/rover_arm_interface/package.xml
[3.330s]   /Rover_2022_2023/software/build/rover_arm_interface/ament_cmake_core/package.cmake)
[3.330s]   returned error code 1
[3.330s] Call Stack (most recent call first):
[3.331s]   /opt/ros/foxy/share/ament_cmake_core/cmake/core/ament_package_xml.cmake:49 (_ament_package_xml)
[3.331s]   /opt/ros/foxy/share/rosidl_cmake/cmake/rosidl_generate_interfaces.cmake:226 (ament_package_xml)
[3.331s]   CMakeLists.txt:26 (rosidl_generate_interfaces)
[3.332s] 
[3.332s] 
[3.334s] -- Configuring incomplete, errors occurred!
[3.334s] See also "/Rover_2022_2023/software/build/rover_arm_interface/CMakeFiles/CMakeOutput.log".
[3.350s] Invoked command in '/Rover_2022_2023/software/build/rover_arm_interface' returned '1': /usr/bin/cmake /Rover_2022_2023/software/ros_packages/rover_arm_interface -DCMAKE_INSTALL_PREFIX=/Rover_2022_2023/software/install/rover_arm_interface
