[0.070s] Invoking command in '/Rover_2022_2023/software/build/rover_arm_interface': CMAKE_PREFIX_PATH=${CMAKE_PREFIX_PATH}:/opt/ros/foxy /usr/bin/cmake --build /Rover_2022_2023/software/build/rover_arm_interface -- -j12 -l12
[0.178s] -- Found ament_cmake: 0.9.11 (/opt/ros/foxy/share/ament_cmake/cmake)
[0.268s] -- Found PythonInterp: /usr/bin/python3 (found suitable version "3.8.10", minimum required is "3") 
[0.269s] -- Using PYTHON_EXECUTABLE: /usr/bin/python3
[0.870s] -- Found rosidl_default_generators: 1.0.1 (/opt/ros/foxy/share/rosidl_default_generators/cmake)
[0.877s] -- Using all available rosidl_typesupport_c: rosidl_typesupport_fastrtps_c;rosidl_typesupport_introspection_c
[0.882s] -- Found rosidl_adapter: 1.3.0 (/opt/ros/foxy/share/rosidl_adapter/cmake)
[1.442s] -- Using all available rosidl_typesupport_cpp: rosidl_typesupport_fastrtps_cpp;rosidl_typesupport_introspection_cpp
[1.617s] -- Found PythonInterp: /usr/bin/python3 (found version "3.8.10") 
[1.815s] CMake Error at /opt/ros/foxy/share/rosidl_cmake/cmake/rosidl_generate_interfaces.cmake:162 (message):
[1.816s]   rosidl_generate_interfaces() the passed dependency 'std_msgs' has not been
[1.816s]   found before using find_package()
[1.816s] Call Stack (most recent call first):
[1.816s]   CMakeLists.txt:26 (rosidl_generate_interfaces)
[1.817s] 
[1.817s] 
[1.821s] -- Configuring incomplete, errors occurred!
[1.822s] See also "/Rover_2022_2023/software/build/rover_arm_interface/CMakeFiles/CMakeOutput.log".
[1.837s] make: *** [Makefile:988: cmake_check_build_system] Error 1
[1.842s] Invoked command in '/Rover_2022_2023/software/build/rover_arm_interface' returned '2': CMAKE_PREFIX_PATH=${CMAKE_PREFIX_PATH}:/opt/ros/foxy /usr/bin/cmake --build /Rover_2022_2023/software/build/rover_arm_interface -- -j12 -l12
