[0.678s] DEBUG:colcon:Command line arguments: ['/usr/bin/colcon', 'build', '--packages-select', 'rover_arm']
[0.679s] DEBUG:colcon:Parsed command line arguments: Namespace(ament_cmake_args=None, base_paths=['.'], build_base='build', catkin_cmake_args=None, catkin_skip_building_tests=False, cmake_args=None, cmake_clean_cache=False, cmake_clean_first=False, cmake_force_configure=False, cmake_target=None, cmake_target_skip_unavailable=False, continue_on_error=False, event_handlers=None, executor='parallel', ignore_user_meta=False, install_base='install', log_base=None, log_level=None, main=<bound method BuildVerb.main of <colcon_core.verb.build.BuildVerb object at 0x7faf3421d340>>, merge_install=False, metas=['./colcon.meta'], mixin=None, mixin_files=None, mixin_verb=('build',), packages_above=None, packages_above_and_dependencies=None, packages_above_depth=None, packages_end=None, packages_ignore=None, packages_ignore_regex=None, packages_select=['rover_arm'], packages_select_build_failed=False, packages_select_by_dep=None, packages_select_regex=None, packages_select_test_failures=False, packages_skip=None, packages_skip_build_finished=False, packages_skip_by_dep=None, packages_skip_regex=None, packages_skip_test_passed=False, packages_skip_up_to=None, packages_start=None, packages_up_to=None, packages_up_to_regex=None, parallel_workers=12, paths=None, symlink_install=False, test_result_base=None, verb_extension=<colcon_core.verb.build.BuildVerb object at 0x7faf3421d340>, verb_name='build', verb_parser=<colcon_mixin.mixin.mixin_argument.MixinArgumentDecorator object at 0x7faf3421d9a0>)
[0.770s] Level 1:colcon.colcon_core.package_discovery:discover_packages(colcon_meta) check parameters
[0.773s] INFO:colcon.colcon_metadata.package_discovery.colcon_meta:Using configuration from '/root/.colcon/metadata/default/Gazebo.meta'
[0.775s] INFO:colcon.colcon_metadata.package_discovery.colcon_meta:Using configuration from '/root/.colcon/metadata/default/fastrtps.meta'
[0.775s] Level 1:colcon.colcon_core.package_discovery:discover_packages(recursive) check parameters
[0.775s] Level 1:colcon.colcon_core.package_discovery:discover_packages(ignore) check parameters
[0.775s] Level 1:colcon.colcon_core.package_discovery:discover_packages(path) check parameters
[0.776s] Level 1:colcon.colcon_core.package_discovery:discover_packages(colcon_meta) discover
[0.776s] Level 1:colcon.colcon_core.package_discovery:discover_packages(recursive) discover
[0.776s] INFO:colcon.colcon_core.package_discovery:Crawling recursively for packages in '/Rover_2022_2023/software/ros_packages'
[0.776s] Level 1:colcon.colcon_core.package_identification:_identify(.) by extensions ['ignore', 'ignore_ament_install']
[0.777s] Level 1:colcon.colcon_core.package_identification:_identify(.) by extension 'ignore'
[0.777s] Level 1:colcon.colcon_core.package_identification:_identify(.) by extension 'ignore_ament_install'
[0.777s] Level 1:colcon.colcon_core.package_identification:_identify(.) by extensions ['colcon_pkg']
[0.777s] Level 1:colcon.colcon_core.package_identification:_identify(.) by extension 'colcon_pkg'
[0.778s] Level 1:colcon.colcon_core.package_identification:_identify(.) by extensions ['colcon_meta']
[0.778s] Level 1:colcon.colcon_core.package_identification:_identify(.) by extension 'colcon_meta'
[0.778s] Level 1:colcon.colcon_core.package_identification:_identify(.) by extensions ['ros']
[0.778s] Level 1:colcon.colcon_core.package_identification:_identify(.) by extension 'ros'
[0.821s] Level 1:colcon.colcon_core.package_identification:_identify(.) by extensions ['cmake', 'python']
[0.821s] Level 1:colcon.colcon_core.package_identification:_identify(.) by extension 'cmake'
[0.821s] Level 1:colcon.colcon_core.package_identification:_identify(.) by extension 'python'
[0.822s] Level 1:colcon.colcon_core.package_identification:_identify(.) by extensions ['python_setup_py']
[0.822s] Level 1:colcon.colcon_core.package_identification:_identify(.) by extension 'python_setup_py'
[0.822s] Level 1:colcon.colcon_core.package_identification:_identify(build) by extensions ['ignore', 'ignore_ament_install']
[0.823s] Level 1:colcon.colcon_core.package_identification:_identify(build) by extension 'ignore'
[0.823s] Level 1:colcon.colcon_core.package_identification:_identify(build) ignored
[0.823s] Level 1:colcon.colcon_core.package_identification:_identify(ground_station) by extensions ['ignore', 'ignore_ament_install']
[0.823s] Level 1:colcon.colcon_core.package_identification:_identify(ground_station) by extension 'ignore'
[0.824s] Level 1:colcon.colcon_core.package_identification:_identify(ground_station) by extension 'ignore_ament_install'
[0.824s] Level 1:colcon.colcon_core.package_identification:_identify(ground_station) by extensions ['colcon_pkg']
[0.824s] Level 1:colcon.colcon_core.package_identification:_identify(ground_station) by extension 'colcon_pkg'
[0.824s] Level 1:colcon.colcon_core.package_identification:_identify(ground_station) by extensions ['colcon_meta']
[0.824s] Level 1:colcon.colcon_core.package_identification:_identify(ground_station) by extension 'colcon_meta'
[0.825s] Level 1:colcon.colcon_core.package_identification:_identify(ground_station) by extensions ['ros']
[0.825s] Level 1:colcon.colcon_core.package_identification:_identify(ground_station) by extension 'ros'
[0.833s] DEBUG:colcon.colcon_core.package_identification:Package 'ground_station' with type 'ros.catkin' and name 'ground_station'
[0.833s] Level 1:colcon.colcon_core.package_identification:_identify(install) by extensions ['ignore', 'ignore_ament_install']
[0.834s] Level 1:colcon.colcon_core.package_identification:_identify(install) by extension 'ignore'
[0.834s] Level 1:colcon.colcon_core.package_identification:_identify(install) ignored
[0.834s] Level 1:colcon.colcon_core.package_identification:_identify(log) by extensions ['ignore', 'ignore_ament_install']
[0.835s] Level 1:colcon.colcon_core.package_identification:_identify(log) by extension 'ignore'
[0.835s] Level 1:colcon.colcon_core.package_identification:_identify(log) ignored
[0.835s] Level 1:colcon.colcon_core.package_identification:_identify(mr1718-arm-urdf_export) by extensions ['ignore', 'ignore_ament_install']
[0.835s] Level 1:colcon.colcon_core.package_identification:_identify(mr1718-arm-urdf_export) by extension 'ignore'
[0.836s] Level 1:colcon.colcon_core.package_identification:_identify(mr1718-arm-urdf_export) by extension 'ignore_ament_install'
[0.836s] Level 1:colcon.colcon_core.package_identification:_identify(mr1718-arm-urdf_export) by extensions ['colcon_pkg']
[0.836s] Level 1:colcon.colcon_core.package_identification:_identify(mr1718-arm-urdf_export) by extension 'colcon_pkg'
[0.836s] Level 1:colcon.colcon_core.package_identification:_identify(mr1718-arm-urdf_export) by extensions ['colcon_meta']
[0.836s] Level 1:colcon.colcon_core.package_identification:_identify(mr1718-arm-urdf_export) by extension 'colcon_meta'
[0.836s] Level 1:colcon.colcon_core.package_identification:_identify(mr1718-arm-urdf_export) by extensions ['ros']
[0.837s] Level 1:colcon.colcon_core.package_identification:_identify(mr1718-arm-urdf_export) by extension 'ros'
[0.839s] DEBUG:colcon.colcon_core.package_identification:Package 'mr1718-arm-urdf_export' with type 'ros.catkin' and name 'mr1718-arm-urdf_export'
[0.839s] Level 1:colcon.colcon_core.package_identification:_identify(nimbro_topic_transport) by extensions ['ignore', 'ignore_ament_install']
[0.839s] Level 1:colcon.colcon_core.package_identification:_identify(nimbro_topic_transport) by extension 'ignore'
[0.840s] Level 1:colcon.colcon_core.package_identification:_identify(nimbro_topic_transport) by extension 'ignore_ament_install'
[0.840s] Level 1:colcon.colcon_core.package_identification:_identify(nimbro_topic_transport) by extensions ['colcon_pkg']
[0.840s] Level 1:colcon.colcon_core.package_identification:_identify(nimbro_topic_transport) by extension 'colcon_pkg'
[0.840s] Level 1:colcon.colcon_core.package_identification:_identify(nimbro_topic_transport) by extensions ['colcon_meta']
[0.840s] Level 1:colcon.colcon_core.package_identification:_identify(nimbro_topic_transport) by extension 'colcon_meta'
[0.841s] Level 1:colcon.colcon_core.package_identification:_identify(nimbro_topic_transport) by extensions ['ros']
[0.841s] Level 1:colcon.colcon_core.package_identification:_identify(nimbro_topic_transport) by extension 'ros'
[0.844s] DEBUG:colcon.colcon_core.package_identification:Package 'nimbro_topic_transport' with type 'ros.catkin' and name 'nimbro_topic_transport'
[0.844s] Level 1:colcon.colcon_core.package_identification:_identify(rover_arm) by extensions ['ignore', 'ignore_ament_install']
[0.845s] Level 1:colcon.colcon_core.package_identification:_identify(rover_arm) by extension 'ignore'
[0.845s] Level 1:colcon.colcon_core.package_identification:_identify(rover_arm) by extension 'ignore_ament_install'
[0.845s] Level 1:colcon.colcon_core.package_identification:_identify(rover_arm) by extensions ['colcon_pkg']
[0.845s] Level 1:colcon.colcon_core.package_identification:_identify(rover_arm) by extension 'colcon_pkg'
[0.845s] Level 1:colcon.colcon_core.package_identification:_identify(rover_arm) by extensions ['colcon_meta']
[0.846s] Level 1:colcon.colcon_core.package_identification:_identify(rover_arm) by extension 'colcon_meta'
[0.846s] Level 1:colcon.colcon_core.package_identification:_identify(rover_arm) by extensions ['ros']
[0.846s] Level 1:colcon.colcon_core.package_identification:_identify(rover_arm) by extension 'ros'
[0.848s] DEBUG:colcon.colcon_core.package_identification:Package 'rover_arm' with type 'ros.catkin' and name 'rover_arm'
[0.849s] Level 1:colcon.colcon_core.package_identification:_identify(rover_arm_ik) by extensions ['ignore', 'ignore_ament_install']
[0.849s] Level 1:colcon.colcon_core.package_identification:_identify(rover_arm_ik) by extension 'ignore'
[0.849s] Level 1:colcon.colcon_core.package_identification:_identify(rover_arm_ik) by extension 'ignore_ament_install'
[0.849s] Level 1:colcon.colcon_core.package_identification:_identify(rover_arm_ik) by extensions ['colcon_pkg']
[0.849s] Level 1:colcon.colcon_core.package_identification:_identify(rover_arm_ik) by extension 'colcon_pkg'
[0.850s] Level 1:colcon.colcon_core.package_identification:_identify(rover_arm_ik) by extensions ['colcon_meta']
[0.850s] Level 1:colcon.colcon_core.package_identification:_identify(rover_arm_ik) by extension 'colcon_meta'
[0.850s] Level 1:colcon.colcon_core.package_identification:_identify(rover_arm_ik) by extensions ['ros']
[0.850s] Level 1:colcon.colcon_core.package_identification:_identify(rover_arm_ik) by extension 'ros'
[0.850s] Level 1:colcon.colcon_core.package_identification:_identify(rover_arm_ik) by extensions ['cmake', 'python']
[0.850s] Level 1:colcon.colcon_core.package_identification:_identify(rover_arm_ik) by extension 'cmake'
[0.851s] Level 1:colcon.colcon_core.package_identification:_identify(rover_arm_ik) by extension 'python'
[0.851s] Level 1:colcon.colcon_core.package_identification:_identify(rover_arm_ik) by extensions ['python_setup_py']
[0.851s] Level 1:colcon.colcon_core.package_identification:_identify(rover_arm_ik) by extension 'python_setup_py'
[0.851s] Level 1:colcon.colcon_core.package_identification:_identify(rover_arm_ik/rover_arm_control) by extensions ['ignore', 'ignore_ament_install']
[0.852s] Level 1:colcon.colcon_core.package_identification:_identify(rover_arm_ik/rover_arm_control) by extension 'ignore'
[0.852s] Level 1:colcon.colcon_core.package_identification:_identify(rover_arm_ik/rover_arm_control) by extension 'ignore_ament_install'
[0.852s] Level 1:colcon.colcon_core.package_identification:_identify(rover_arm_ik/rover_arm_control) by extensions ['colcon_pkg']
[0.852s] Level 1:colcon.colcon_core.package_identification:_identify(rover_arm_ik/rover_arm_control) by extension 'colcon_pkg'
[0.852s] Level 1:colcon.colcon_core.package_identification:_identify(rover_arm_ik/rover_arm_control) by extensions ['colcon_meta']
[0.852s] Level 1:colcon.colcon_core.package_identification:_identify(rover_arm_ik/rover_arm_control) by extension 'colcon_meta'
[0.853s] Level 1:colcon.colcon_core.package_identification:_identify(rover_arm_ik/rover_arm_control) by extensions ['ros']
[0.853s] Level 1:colcon.colcon_core.package_identification:_identify(rover_arm_ik/rover_arm_control) by extension 'ros'
[0.853s] Level 1:colcon.colcon_core.package_identification:_identify(rover_arm_ik/rover_arm_control) by extensions ['cmake', 'python']
[0.853s] Level 1:colcon.colcon_core.package_identification:_identify(rover_arm_ik/rover_arm_control) by extension 'cmake'
[0.858s] Level 1:colcon.colcon_core.package_identification:_identify(rover_arm_ik/rover_arm_control) by extension 'python'
[0.858s] DEBUG:colcon.colcon_core.package_identification:Package 'rover_arm_ik/rover_arm_control' with type 'cmake' and name 'rover_arm_control'
[0.858s] Level 1:colcon.colcon_core.package_identification:_identify(rover_arm_interface) by extensions ['ignore', 'ignore_ament_install']
[0.859s] Level 1:colcon.colcon_core.package_identification:_identify(rover_arm_interface) by extension 'ignore'
[0.859s] Level 1:colcon.colcon_core.package_identification:_identify(rover_arm_interface) by extension 'ignore_ament_install'
[0.859s] Level 1:colcon.colcon_core.package_identification:_identify(rover_arm_interface) by extensions ['colcon_pkg']
[0.859s] Level 1:colcon.colcon_core.package_identification:_identify(rover_arm_interface) by extension 'colcon_pkg'
[0.859s] Level 1:colcon.colcon_core.package_identification:_identify(rover_arm_interface) by extensions ['colcon_meta']
[0.860s] Level 1:colcon.colcon_core.package_identification:_identify(rover_arm_interface) by extension 'colcon_meta'
[0.860s] Level 1:colcon.colcon_core.package_identification:_identify(rover_arm_interface) by extensions ['ros']
[0.860s] Level 1:colcon.colcon_core.package_identification:_identify(rover_arm_interface) by extension 'ros'
[0.861s] DEBUG:colcon.colcon_core.package_identification:Package 'rover_arm_interface' with type 'ros.ament_cmake' and name 'rover_arm_interface'
[0.862s] Level 1:colcon.colcon_core.package_identification:_identify(rover_arm_moveit_config) by extensions ['ignore', 'ignore_ament_install']
[0.862s] Level 1:colcon.colcon_core.package_identification:_identify(rover_arm_moveit_config) by extension 'ignore'
[0.862s] Level 1:colcon.colcon_core.package_identification:_identify(rover_arm_moveit_config) by extension 'ignore_ament_install'
[0.863s] Level 1:colcon.colcon_core.package_identification:_identify(rover_arm_moveit_config) by extensions ['colcon_pkg']
[0.863s] Level 1:colcon.colcon_core.package_identification:_identify(rover_arm_moveit_config) by extension 'colcon_pkg'
[0.863s] Level 1:colcon.colcon_core.package_identification:_identify(rover_arm_moveit_config) by extensions ['colcon_meta']
[0.863s] Level 1:colcon.colcon_core.package_identification:_identify(rover_arm_moveit_config) by extension 'colcon_meta'
[0.863s] Level 1:colcon.colcon_core.package_identification:_identify(rover_arm_moveit_config) by extensions ['ros']
[0.863s] Level 1:colcon.colcon_core.package_identification:_identify(rover_arm_moveit_config) by extension 'ros'
[0.867s] DEBUG:colcon.colcon_core.package_identification:Package 'rover_arm_moveit_config' with type 'ros.catkin' and name 'rover_arm_moveit_config'
[0.867s] Level 1:colcon.colcon_core.package_identification:_identify(rover_camera) by extensions ['ignore', 'ignore_ament_install']
[0.867s] Level 1:colcon.colcon_core.package_identification:_identify(rover_camera) by extension 'ignore'
[0.867s] Level 1:colcon.colcon_core.package_identification:_identify(rover_camera) by extension 'ignore_ament_install'
[0.868s] Level 1:colcon.colcon_core.package_identification:_identify(rover_camera) by extensions ['colcon_pkg']
[0.868s] Level 1:colcon.colcon_core.package_identification:_identify(rover_camera) by extension 'colcon_pkg'
[0.868s] Level 1:colcon.colcon_core.package_identification:_identify(rover_camera) by extensions ['colcon_meta']
[0.868s] Level 1:colcon.colcon_core.package_identification:_identify(rover_camera) by extension 'colcon_meta'
[0.868s] Level 1:colcon.colcon_core.package_identification:_identify(rover_camera) by extensions ['ros']
[0.868s] Level 1:colcon.colcon_core.package_identification:_identify(rover_camera) by extension 'ros'
[0.871s] DEBUG:colcon.colcon_core.package_identification:Package 'rover_camera' with type 'ros.catkin' and name 'rover_camera'
[0.871s] Level 1:colcon.colcon_core.package_identification:_identify(rover_control) by extensions ['ignore', 'ignore_ament_install']
[0.871s] Level 1:colcon.colcon_core.package_identification:_identify(rover_control) by extension 'ignore'
[0.872s] Level 1:colcon.colcon_core.package_identification:_identify(rover_control) by extension 'ignore_ament_install'
[0.872s] Level 1:colcon.colcon_core.package_identification:_identify(rover_control) by extensions ['colcon_pkg']
[0.872s] Level 1:colcon.colcon_core.package_identification:_identify(rover_control) by extension 'colcon_pkg'
[0.872s] Level 1:colcon.colcon_core.package_identification:_identify(rover_control) by extensions ['colcon_meta']
[0.872s] Level 1:colcon.colcon_core.package_identification:_identify(rover_control) by extension 'colcon_meta'
[0.872s] Level 1:colcon.colcon_core.package_identification:_identify(rover_control) by extensions ['ros']
[0.872s] Level 1:colcon.colcon_core.package_identification:_identify(rover_control) by extension 'ros'
[0.875s] DEBUG:colcon.colcon_core.package_identification:Package 'rover_control' with type 'ros.catkin' and name 'rover_control'
[0.875s] Level 1:colcon.colcon_core.package_identification:_identify(rover_main) by extensions ['ignore', 'ignore_ament_install']
[0.875s] Level 1:colcon.colcon_core.package_identification:_identify(rover_main) by extension 'ignore'
[0.876s] Level 1:colcon.colcon_core.package_identification:_identify(rover_main) by extension 'ignore_ament_install'
[0.876s] Level 1:colcon.colcon_core.package_identification:_identify(rover_main) by extensions ['colcon_pkg']
[0.876s] Level 1:colcon.colcon_core.package_identification:_identify(rover_main) by extension 'colcon_pkg'
[0.876s] Level 1:colcon.colcon_core.package_identification:_identify(rover_main) by extensions ['colcon_meta']
[0.876s] Level 1:colcon.colcon_core.package_identification:_identify(rover_main) by extension 'colcon_meta'
[0.876s] Level 1:colcon.colcon_core.package_identification:_identify(rover_main) by extensions ['ros']
[0.877s] Level 1:colcon.colcon_core.package_identification:_identify(rover_main) by extension 'ros'
[0.879s] DEBUG:colcon.colcon_core.package_identification:Package 'rover_main' with type 'ros.catkin' and name 'rover_main'
[0.879s] Level 1:colcon.colcon_core.package_identification:_identify(rover_odometry) by extensions ['ignore', 'ignore_ament_install']
[0.879s] Level 1:colcon.colcon_core.package_identification:_identify(rover_odometry) by extension 'ignore'
[0.880s] Level 1:colcon.colcon_core.package_identification:_identify(rover_odometry) by extension 'ignore_ament_install'
[0.880s] Level 1:colcon.colcon_core.package_identification:_identify(rover_odometry) by extensions ['colcon_pkg']
[0.880s] Level 1:colcon.colcon_core.package_identification:_identify(rover_odometry) by extension 'colcon_pkg'
[0.880s] Level 1:colcon.colcon_core.package_identification:_identify(rover_odometry) by extensions ['colcon_meta']
[0.880s] Level 1:colcon.colcon_core.package_identification:_identify(rover_odometry) by extension 'colcon_meta'
[0.880s] Level 1:colcon.colcon_core.package_identification:_identify(rover_odometry) by extensions ['ros']
[0.881s] Level 1:colcon.colcon_core.package_identification:_identify(rover_odometry) by extension 'ros'
[0.883s] DEBUG:colcon.colcon_core.package_identification:Package 'rover_odometry' with type 'ros.catkin' and name 'rover_odometry'
[0.883s] Level 1:colcon.colcon_core.package_identification:_identify(rover_science) by extensions ['ignore', 'ignore_ament_install']
[0.884s] Level 1:colcon.colcon_core.package_identification:_identify(rover_science) by extension 'ignore'
[0.884s] Level 1:colcon.colcon_core.package_identification:_identify(rover_science) by extension 'ignore_ament_install'
[0.884s] Level 1:colcon.colcon_core.package_identification:_identify(rover_science) by extensions ['colcon_pkg']
[0.884s] Level 1:colcon.colcon_core.package_identification:_identify(rover_science) by extension 'colcon_pkg'
[0.885s] Level 1:colcon.colcon_core.package_identification:_identify(rover_science) by extensions ['colcon_meta']
[0.885s] Level 1:colcon.colcon_core.package_identification:_identify(rover_science) by extension 'colcon_meta'
[0.885s] Level 1:colcon.colcon_core.package_identification:_identify(rover_science) by extensions ['ros']
[0.885s] Level 1:colcon.colcon_core.package_identification:_identify(rover_science) by extension 'ros'
[0.887s] DEBUG:colcon.colcon_core.package_identification:Package 'rover_science' with type 'ros.catkin' and name 'rover_science'
[0.888s] Level 1:colcon.colcon_core.package_identification:_identify(rover_status) by extensions ['ignore', 'ignore_ament_install']
[0.888s] Level 1:colcon.colcon_core.package_identification:_identify(rover_status) by extension 'ignore'
[0.888s] Level 1:colcon.colcon_core.package_identification:_identify(rover_status) by extension 'ignore_ament_install'
[0.888s] Level 1:colcon.colcon_core.package_identification:_identify(rover_status) by extensions ['colcon_pkg']
[0.889s] Level 1:colcon.colcon_core.package_identification:_identify(rover_status) by extension 'colcon_pkg'
[0.889s] Level 1:colcon.colcon_core.package_identification:_identify(rover_status) by extensions ['colcon_meta']
[0.889s] Level 1:colcon.colcon_core.package_identification:_identify(rover_status) by extension 'colcon_meta'
[0.889s] Level 1:colcon.colcon_core.package_identification:_identify(rover_status) by extensions ['ros']
[0.889s] Level 1:colcon.colcon_core.package_identification:_identify(rover_status) by extension 'ros'
[0.891s] DEBUG:colcon.colcon_core.package_identification:Package 'rover_status' with type 'ros.catkin' and name 'rover_status'
[0.892s] Level 1:colcon.colcon_core.package_identification:_identify(zed_wrapper) by extensions ['ignore', 'ignore_ament_install']
[0.892s] Level 1:colcon.colcon_core.package_identification:_identify(zed_wrapper) by extension 'ignore'
[0.892s] Level 1:colcon.colcon_core.package_identification:_identify(zed_wrapper) by extension 'ignore_ament_install'
[0.893s] Level 1:colcon.colcon_core.package_identification:_identify(zed_wrapper) by extensions ['colcon_pkg']
[0.893s] Level 1:colcon.colcon_core.package_identification:_identify(zed_wrapper) by extension 'colcon_pkg'
[0.893s] Level 1:colcon.colcon_core.package_identification:_identify(zed_wrapper) by extensions ['colcon_meta']
[0.893s] Level 1:colcon.colcon_core.package_identification:_identify(zed_wrapper) by extension 'colcon_meta'
[0.893s] Level 1:colcon.colcon_core.package_identification:_identify(zed_wrapper) by extensions ['ros']
[0.893s] Level 1:colcon.colcon_core.package_identification:_identify(zed_wrapper) by extension 'ros'
[0.900s] DEBUG:colcon.colcon_core.package_identification:Package 'zed_wrapper' with type 'ros.catkin' and name 'zed_wrapper'
[0.900s] Level 1:colcon.colcon_core.package_discovery:discover_packages(recursive) using defaults
[0.900s] Level 1:colcon.colcon_core.package_discovery:discover_packages(ignore) discover
[0.900s] Level 1:colcon.colcon_core.package_discovery:discover_packages(ignore) using defaults
[0.900s] Level 1:colcon.colcon_core.package_discovery:discover_packages(path) discover
[0.900s] Level 1:colcon.colcon_core.package_discovery:discover_packages(path) using defaults
[0.988s] INFO:colcon.colcon_core.package_selection:Skipping not selected package 'ground_station' in 'ground_station'
[0.988s] INFO:colcon.colcon_core.package_selection:Skipping not selected package 'mr1718-arm-urdf_export' in 'mr1718-arm-urdf_export'
[0.989s] INFO:colcon.colcon_core.package_selection:Skipping not selected package 'nimbro_topic_transport' in 'nimbro_topic_transport'
[0.989s] INFO:colcon.colcon_core.package_selection:Skipping not selected package 'rover_arm_control' in 'rover_arm_ik/rover_arm_control'
[0.989s] INFO:colcon.colcon_core.package_selection:Skipping not selected package 'rover_arm_interface' in 'rover_arm_interface'
[0.989s] INFO:colcon.colcon_core.package_selection:Skipping not selected package 'rover_camera' in 'rover_camera'
[0.989s] INFO:colcon.colcon_core.package_selection:Skipping not selected package 'rover_control' in 'rover_control'
[0.989s] INFO:colcon.colcon_core.package_selection:Skipping not selected package 'rover_main' in 'rover_main'
[0.989s] INFO:colcon.colcon_core.package_selection:Skipping not selected package 'rover_odometry' in 'rover_odometry'
[0.989s] INFO:colcon.colcon_core.package_selection:Skipping not selected package 'rover_science' in 'rover_science'
[0.989s] INFO:colcon.colcon_core.package_selection:Skipping not selected package 'rover_status' in 'rover_status'
[0.989s] INFO:colcon.colcon_core.package_selection:Skipping not selected package 'zed_wrapper' in 'zed_wrapper'
[0.990s] INFO:colcon.colcon_core.package_selection:Skipping not selected package 'rover_arm_moveit_config' in 'rover_arm_moveit_config'
[0.993s] Level 5:colcon.colcon_core.verb:set package 'rover_arm' build argument 'cmake_args' from command line to 'None'
[0.993s] Level 5:colcon.colcon_core.verb:set package 'rover_arm' build argument 'cmake_target' from command line to 'None'
[0.993s] Level 5:colcon.colcon_core.verb:set package 'rover_arm' build argument 'cmake_target_skip_unavailable' from command line to 'False'
[0.993s] Level 5:colcon.colcon_core.verb:set package 'rover_arm' build argument 'cmake_clean_cache' from command line to 'False'
[0.993s] Level 5:colcon.colcon_core.verb:set package 'rover_arm' build argument 'cmake_clean_first' from command line to 'False'
[0.993s] Level 5:colcon.colcon_core.verb:set package 'rover_arm' build argument 'cmake_force_configure' from command line to 'False'
[0.994s] Level 5:colcon.colcon_core.verb:set package 'rover_arm' build argument 'ament_cmake_args' from command line to 'None'
[0.994s] Level 5:colcon.colcon_core.verb:set package 'rover_arm' build argument 'catkin_cmake_args' from command line to 'None'
[0.994s] Level 5:colcon.colcon_core.verb:set package 'rover_arm' build argument 'catkin_skip_building_tests' from command line to 'False'
[0.994s] DEBUG:colcon.colcon_core.verb:Building package 'rover_arm' with the following arguments: {'ament_cmake_args': None, 'build_base': '/Rover_2022_2023/software/ros_packages/build/rover_arm', 'catkin_cmake_args': None, 'catkin_skip_building_tests': False, 'cmake_args': None, 'cmake_clean_cache': False, 'cmake_clean_first': False, 'cmake_force_configure': False, 'cmake_target': None, 'cmake_target_skip_unavailable': False, 'install_base': '/Rover_2022_2023/software/ros_packages/install/rover_arm', 'merge_install': False, 'path': '/Rover_2022_2023/software/ros_packages/rover_arm', 'symlink_install': False, 'test_result_base': None}
[0.996s] INFO:colcon.colcon_core.executor:Executing jobs using 'parallel' executor
[1.010s] DEBUG:colcon.colcon_parallel_executor.executor.parallel:run_until_complete
[1.011s] INFO:colcon.colcon_ros.task.catkin.build:Building ROS package in '/Rover_2022_2023/software/ros_packages/rover_arm' with build type 'catkin'
[1.011s] INFO:colcon.colcon_cmake.task.cmake.build:Building CMake package in '/Rover_2022_2023/software/ros_packages/rover_arm'
[1.030s] INFO:colcon.colcon_core.plugin_system:Skipping extension 'colcon_core.shell.bat': Not used on non-Windows systems
[1.030s] INFO:colcon.colcon_core.shell:Skip shell extension 'powershell' for command environment: Not usable outside of PowerShell
[1.031s] DEBUG:colcon.colcon_core.shell:Skip shell extension 'dsv' for command environment
[1.081s] DEBUG:colcon.colcon_core.event_handler.log_command:Invoking command in '/Rover_2022_2023/software/ros_packages/build/rover_arm': /usr/bin/cmake /Rover_2022_2023/software/ros_packages/rover_arm -DCATKIN_INSTALL_INTO_PREFIX_ROOT=0 -DCMAKE_INSTALL_PREFIX=/Rover_2022_2023/software/ros_packages/install/rover_arm
[5.831s] DEBUG:colcon.colcon_core.event_handler.log_command:Invoked command in '/Rover_2022_2023/software/ros_packages/build/rover_arm' returned '1': /usr/bin/cmake /Rover_2022_2023/software/ros_packages/rover_arm -DCATKIN_INSTALL_INTO_PREFIX_ROOT=0 -DCMAKE_INSTALL_PREFIX=/Rover_2022_2023/software/ros_packages/install/rover_arm
[5.875s] Level 1:colcon.colcon_core.environment:create_environment_scripts_only(rover_arm)
[5.892s] Level 1:colcon.colcon_core.environment:checking '/Rover_2022_2023/software/ros_packages/install/rover_arm' for CMake module files
[5.894s] Level 1:colcon.colcon_core.environment:checking '/Rover_2022_2023/software/ros_packages/install/rover_arm' for CMake config files
[5.895s] Level 1:colcon.colcon_core.environment:checking '/Rover_2022_2023/software/ros_packages/install/rover_arm/bin'
[5.896s] Level 1:colcon.colcon_core.environment:checking '/Rover_2022_2023/software/ros_packages/install/rover_arm/lib/pkgconfig/rover_arm.pc'
[5.898s] Level 1:colcon.colcon_core.environment:checking '/Rover_2022_2023/software/ros_packages/install/rover_arm/lib/python3.8/site-packages'
[5.899s] Level 1:colcon.colcon_core.environment:checking '/Rover_2022_2023/software/ros_packages/install/rover_arm/bin'
[5.904s] INFO:colcon.colcon_core.shell:Creating package script '/Rover_2022_2023/software/ros_packages/install/rover_arm/share/rover_arm/package.ps1'
[5.907s] INFO:colcon.colcon_core.shell:Creating package descriptor '/Rover_2022_2023/software/ros_packages/install/rover_arm/share/rover_arm/package.dsv'
[5.908s] INFO:colcon.colcon_core.shell:Creating package script '/Rover_2022_2023/software/ros_packages/install/rover_arm/share/rover_arm/package.sh'
[5.910s] INFO:colcon.colcon_core.shell:Creating package script '/Rover_2022_2023/software/ros_packages/install/rover_arm/share/rover_arm/package.bash'
[5.912s] INFO:colcon.colcon_core.shell:Creating package script '/Rover_2022_2023/software/ros_packages/install/rover_arm/share/rover_arm/package.zsh'
[5.914s] Level 1:colcon.colcon_core.environment:create_file_with_runtime_dependencies(/Rover_2022_2023/software/ros_packages/install/rover_arm/share/colcon-core/packages/rover_arm)
[5.926s] DEBUG:colcon.colcon_parallel_executor.executor.parallel:closing loop
[5.926s] DEBUG:colcon.colcon_parallel_executor.executor.parallel:loop closed
[5.927s] DEBUG:colcon.colcon_parallel_executor.executor.parallel:run_until_complete finished with '1'
[5.927s] DEBUG:colcon.colcon_core.event_reactor:joining thread
[5.951s] INFO:colcon.colcon_core.plugin_system:Skipping extension 'colcon_notification.desktop_notification.notify_send': Could not find 'notify-send'
[5.951s] INFO:colcon.colcon_core.plugin_system:Skipping extension 'colcon_notification.desktop_notification.terminal_notifier': Not used on non-Darwin systems
[5.952s] INFO:colcon.colcon_core.plugin_system:Skipping extension 'colcon_notification.desktop_notification.win32': Not used on non-Windows systems
[5.952s] INFO:colcon.colcon_notification.desktop_notification:Sending desktop notification using 'notify2'
[5.959s] DEBUG:colcon.colcon_notification.desktop_notification.notify2:Failed to initialize notify2: org.freedesktop.DBus.Error.Spawn.ExecFailed: /usr/bin/dbus-launch terminated abnormally without any error message
[5.960s] DEBUG:colcon.colcon_core.event_reactor:joined thread
[5.971s] INFO:colcon.colcon_core.shell:Creating prefix script '/Rover_2022_2023/software/ros_packages/install/local_setup.ps1'
[5.976s] INFO:colcon.colcon_core.shell:Creating prefix util module '/Rover_2022_2023/software/ros_packages/install/_local_setup_util_ps1.py'
[5.980s] INFO:colcon.colcon_core.shell:Creating prefix chain script '/Rover_2022_2023/software/ros_packages/install/setup.ps1'
[5.986s] INFO:colcon.colcon_core.shell:Creating prefix script '/Rover_2022_2023/software/ros_packages/install/local_setup.sh'
[5.988s] INFO:colcon.colcon_core.shell:Creating prefix util module '/Rover_2022_2023/software/ros_packages/install/_local_setup_util_sh.py'
[5.990s] INFO:colcon.colcon_core.shell:Creating prefix chain script '/Rover_2022_2023/software/ros_packages/install/setup.sh'
[5.995s] INFO:colcon.colcon_core.shell:Creating prefix script '/Rover_2022_2023/software/ros_packages/install/local_setup.bash'
[5.997s] INFO:colcon.colcon_core.shell:Creating prefix chain script '/Rover_2022_2023/software/ros_packages/install/setup.bash'
[6.003s] INFO:colcon.colcon_core.shell:Creating prefix script '/Rover_2022_2023/software/ros_packages/install/local_setup.zsh'
[6.005s] INFO:colcon.colcon_core.shell:Creating prefix chain script '/Rover_2022_2023/software/ros_packages/install/setup.zsh'
