-- Found ament_cmake: 0.9.11 (/opt/ros/foxy/share/ament_cmake/cmake)
-- Found PythonInterp: /usr/bin/python3 (found suitable version "3.8.10", minimum required is "3") 
-- Using PYTHON_EXECUTABLE: /usr/bin/python3
-- Found rosidl_default_generators: 1.0.1 (/opt/ros/foxy/share/rosidl_default_generators/cmake)
-- Using all available rosidl_typesupport_c: rosidl_typesupport_fastrtps_c;rosidl_typesupport_introspection_c
-- Found rosidl_adapter: 1.3.0 (/opt/ros/foxy/share/rosidl_adapter/cmake)
-- Using all available rosidl_typesupport_cpp: rosidl_typesupport_fastrtps_cpp;rosidl_typesupport_introspection_cpp
-- Found PythonInterp: /usr/bin/python3 (found version "3.8.10") 
-- Found ament_cmake_ros: 0.9.2 (/opt/ros/foxy/share/ament_cmake_ros/cmake)
-- Using all available rosidl_typesupport_c: rosidl_typesupport_fastrtps_c;rosidl_typesupport_introspection_c
-- Using all available rosidl_typesupport_cpp: rosidl_typesupport_fastrtps_cpp;rosidl_typesupport_introspection_cpp
-- Found PythonInterp: /usr/bin/python3 (found suitable version "3.8.10", minimum required is "3.5") 
-- Found python_cmake_module: 0.8.1 (/opt/ros/foxy/share/python_cmake_module/cmake)
-- Found PythonLibs: /usr/lib/x86_64-linux-gnu/libpython3.8.so (found suitable version "3.8.10", minimum required is "3.5") 
-- Using PYTHON_EXECUTABLE: /usr/bin/python3
-- Using PYTHON_INCLUDE_DIRS: /usr/include/python3.8
-- Using PYTHON_LIBRARIES: /usr/lib/x86_64-linux-gnu/libpython3.8.so
-- Found PythonExtra: .so  
-- Found ament_lint_auto: 0.9.7 (/opt/ros/foxy/share/ament_lint_auto/cmake)
-- Added test 'copyright' to check source files copyright and LICENSE
-- Added test 'lint_cmake' to check CMake code style
-- Added test 'xmllint' to check XML markup files
-- Configuring done
-- Generating done
-- Build files have been written to: /Rover_2022_2023/software/build/rover_arm_interface
[  2%] [34m[1mGenerating C code for ROS interfaces[0m
[35m[1mScanning dependencies of target rover_arm_interface__cpp[0m
[  5%] [34m[1mGenerating C++ code for ROS interfaces[0m
[  5%] Built target rover_arm_interface__cpp
[35m[1mScanning dependencies of target rover_arm_interface__rosidl_generator_c[0m
[  7%] [34m[1mGenerating C++ type support dispatch for ROS interfaces[0m
[ 10%] [34m[1mGenerating C++ introspection for ROS interfaces[0m
[ 12%] [34m[1mGenerating C++ type support for eProsima Fast-RTPS[0m
[ 15%] [32mBuilding C object CMakeFiles/rover_arm_interface__rosidl_generator_c.dir/rosidl_generator_c/rover_arm_interface/msg/detail/arm_control_message__functions.c.o[0m
[ 17%] [32mBuilding C object CMakeFiles/rover_arm_interface__rosidl_generator_c.dir/rosidl_generator_c/rover_arm_interface/msg/detail/arm_status_message__functions.c.o[0m
[ 20%] [32m[1mLinking C shared library librover_arm_interface__rosidl_generator_c.so[0m
[ 20%] Built target rover_arm_interface__rosidl_generator_c
[ 23%] [34m[1mGenerating C introspection for ROS interfaces[0m
[ 25%] [34m[1mGenerating C type support dispatch for ROS interfaces[0m
[35m[1mScanning dependencies of target rover_arm_interface__rosidl_typesupport_cpp[0m
[ 30%] [32mBuilding CXX object CMakeFiles/rover_arm_interface__rosidl_typesupport_cpp.dir/rosidl_typesupport_cpp/rover_arm_interface/msg/arm_status_message__type_support.cpp.o[0m
[ 30%] [32mBuilding CXX object CMakeFiles/rover_arm_interface__rosidl_typesupport_cpp.dir/rosidl_typesupport_cpp/rover_arm_interface/msg/arm_control_message__type_support.cpp.o[0m
[35m[1mScanning dependencies of target rover_arm_interface__rosidl_typesupport_introspection_cpp[0m
[ 35%] [32mBuilding CXX object CMakeFiles/rover_arm_interface__rosidl_typesupport_introspection_cpp.dir/rosidl_typesupport_introspection_cpp/rover_arm_interface/msg/detail/arm_status_message__type_support.cpp.o[0m
[ 35%] [32mBuilding CXX object CMakeFiles/rover_arm_interface__rosidl_typesupport_introspection_cpp.dir/rosidl_typesupport_introspection_cpp/rover_arm_interface/msg/detail/arm_control_message__type_support.cpp.o[0m
[35m[1mScanning dependencies of target rover_arm_interface__rosidl_typesupport_fastrtps_cpp[0m
[ 41%] [32mBuilding CXX object CMakeFiles/rover_arm_interface__rosidl_typesupport_fastrtps_cpp.dir/rosidl_typesupport_fastrtps_cpp/rover_arm_interface/msg/detail/dds_fastrtps/arm_control_message__type_support.cpp.o[0m
[ 41%] [32mBuilding CXX object CMakeFiles/rover_arm_interface__rosidl_typesupport_fastrtps_cpp.dir/rosidl_typesupport_fastrtps_cpp/rover_arm_interface/msg/detail/dds_fastrtps/arm_status_message__type_support.cpp.o[0m
[35m[1mScanning dependencies of target rover_arm_interface__rosidl_typesupport_c[0m
[ 43%] [32mBuilding CXX object CMakeFiles/rover_arm_interface__rosidl_typesupport_c.dir/rosidl_typesupport_c/rover_arm_interface/msg/arm_control_message__type_support.cpp.o[0m
[ 46%] [32mBuilding CXX object CMakeFiles/rover_arm_interface__rosidl_typesupport_c.dir/rosidl_typesupport_c/rover_arm_interface/msg/arm_status_message__type_support.cpp.o[0m
[ 48%] [32m[1mLinking CXX shared library librover_arm_interface__rosidl_typesupport_c.so[0m
[35m[1mScanning dependencies of target rover_arm_interface__rosidl_typesupport_introspection_c[0m
[ 51%] [32mBuilding C object CMakeFiles/rover_arm_interface__rosidl_typesupport_introspection_c.dir/rosidl_typesupport_introspection_c/rover_arm_interface/msg/detail/arm_status_message__type_support.c.o[0m
[ 53%] [32mBuilding C object CMakeFiles/rover_arm_interface__rosidl_typesupport_introspection_c.dir/rosidl_typesupport_introspection_c/rover_arm_interface/msg/detail/arm_control_message__type_support.c.o[0m
[ 53%] Built target rover_arm_interface__rosidl_typesupport_c
[ 56%] [32m[1mLinking C shared library librover_arm_interface__rosidl_typesupport_introspection_c.so[0m
[ 56%] Built target rover_arm_interface__rosidl_typesupport_introspection_c
[ 58%] [32m[1mLinking CXX shared library librover_arm_interface__rosidl_typesupport_cpp.so[0m
[ 61%] [32m[1mLinking CXX shared library librover_arm_interface__rosidl_typesupport_introspection_cpp.so[0m
[ 61%] Built target rover_arm_interface__rosidl_typesupport_cpp
[ 61%] Built target rover_arm_interface__rosidl_typesupport_introspection_cpp
[ 64%] [32m[1mLinking CXX shared library librover_arm_interface__rosidl_typesupport_fastrtps_cpp.so[0m
[ 64%] Built target rover_arm_interface__rosidl_typesupport_fastrtps_cpp
[ 66%] [34m[1mGenerating C type support for eProsima Fast-RTPS[0m
[35m[1mScanning dependencies of target rover_arm_interface__rosidl_typesupport_fastrtps_c[0m
[ 71%] [32mBuilding CXX object CMakeFiles/rover_arm_interface__rosidl_typesupport_fastrtps_c.dir/rosidl_typesupport_fastrtps_c/rover_arm_interface/msg/detail/arm_control_message__type_support_c.cpp.o[0m
[ 71%] [32mBuilding CXX object CMakeFiles/rover_arm_interface__rosidl_typesupport_fastrtps_c.dir/rosidl_typesupport_fastrtps_c/rover_arm_interface/msg/detail/arm_status_message__type_support_c.cpp.o[0m
[ 74%] [32m[1mLinking CXX shared library librover_arm_interface__rosidl_typesupport_fastrtps_c.so[0m
[ 74%] Built target rover_arm_interface__rosidl_typesupport_fastrtps_c
[35m[1mScanning dependencies of target rover_arm_interface[0m
[ 74%] Built target rover_arm_interface
[35m[1mScanning dependencies of target rover_arm_interface__py[0m
[ 76%] [34m[1mGenerating Python code for ROS interfaces[0m
[ 76%] Built target rover_arm_interface__py
[35m[1mScanning dependencies of target rover_arm_interface__python[0m
[ 79%] [32mBuilding C object CMakeFiles/rover_arm_interface__python.dir/rosidl_generator_py/rover_arm_interface/msg/_arm_control_message_s.c.o[0m
[ 82%] [32mBuilding C object CMakeFiles/rover_arm_interface__python.dir/rosidl_generator_py/rover_arm_interface/msg/_arm_status_message_s.c.o[0m
[ 84%] [32m[1mLinking C shared library rosidl_generator_py/rover_arm_interface/librover_arm_interface__python.so[0m
[ 84%] Built target rover_arm_interface__python
[35m[1mScanning dependencies of target rover_arm_interface__rosidl_typesupport_c__pyext[0m
[35m[1mScanning dependencies of target rover_arm_interface__rosidl_typesupport_introspection_c__pyext[0m
[35m[1mScanning dependencies of target rover_arm_interface__rosidl_typesupport_fastrtps_c__pyext[0m
[ 87%] [32mBuilding C object CMakeFiles/rover_arm_interface__rosidl_typesupport_c__pyext.dir/rosidl_generator_py/rover_arm_interface/_rover_arm_interface_s.ep.rosidl_typesupport_c.c.o[0m
[ 89%] [32mBuilding C object CMakeFiles/rover_arm_interface__rosidl_typesupport_fastrtps_c__pyext.dir/rosidl_generator_py/rover_arm_interface/_rover_arm_interface_s.ep.rosidl_typesupport_fastrtps_c.c.o[0m
[ 92%] [32mBuilding C object CMakeFiles/rover_arm_interface__rosidl_typesupport_introspection_c__pyext.dir/rosidl_generator_py/rover_arm_interface/_rover_arm_interface_s.ep.rosidl_typesupport_introspection_c.c.o[0m
[ 94%] [32m[1mLinking C shared library rosidl_generator_py/rover_arm_interface/rover_arm_interface_s__rosidl_typesupport_c.cpython-38-x86_64-linux-gnu.so[0m
[ 97%] [32m[1mLinking C shared library rosidl_generator_py/rover_arm_interface/rover_arm_interface_s__rosidl_typesupport_introspection_c.cpython-38-x86_64-linux-gnu.so[0m
[100%] [32m[1mLinking CXX shared library rosidl_generator_py/rover_arm_interface/rover_arm_interface_s__rosidl_typesupport_fastrtps_c.cpython-38-x86_64-linux-gnu.so[0m
[100%] Built target rover_arm_interface__rosidl_typesupport_c__pyext
[100%] Built target rover_arm_interface__rosidl_typesupport_introspection_c__pyext
[100%] Built target rover_arm_interface__rosidl_typesupport_fastrtps_c__pyext
-- Install configuration: ""
-- Installing: /Rover_2022_2023/software/install/rover_arm_interface/share/ament_index/resource_index/rosidl_interfaces/rover_arm_interface
-- Installing: /Rover_2022_2023/software/install/rover_arm_interface/include/rover_arm_interface
-- Installing: /Rover_2022_2023/software/install/rover_arm_interface/include/rover_arm_interface/msg
-- Installing: /Rover_2022_2023/software/install/rover_arm_interface/include/rover_arm_interface/msg/arm_control_message.h
-- Installing: /Rover_2022_2023/software/install/rover_arm_interface/include/rover_arm_interface/msg/detail
-- Installing: /Rover_2022_2023/software/install/rover_arm_interface/include/rover_arm_interface/msg/detail/arm_status_message__functions.c
-- Installing: /Rover_2022_2023/software/install/rover_arm_interface/include/rover_arm_interface/msg/detail/arm_control_message__functions.c
-- Installing: /Rover_2022_2023/software/install/rover_arm_interface/include/rover_arm_interface/msg/detail/arm_status_message__functions.h
-- Installing: /Rover_2022_2023/software/install/rover_arm_interface/include/rover_arm_interface/msg/detail/arm_status_message__struct.h
-- Installing: /Rover_2022_2023/software/install/rover_arm_interface/include/rover_arm_interface/msg/detail/arm_status_message__type_support.h
-- Installing: /Rover_2022_2023/software/install/rover_arm_interface/include/rover_arm_interface/msg/detail/arm_control_message__functions.h
-- Installing: /Rover_2022_2023/software/install/rover_arm_interface/include/rover_arm_interface/msg/detail/arm_control_message__struct.h
-- Installing: /Rover_2022_2023/software/install/rover_arm_interface/include/rover_arm_interface/msg/detail/arm_control_message__type_support.h
-- Installing: /Rover_2022_2023/software/install/rover_arm_interface/include/rover_arm_interface/msg/rosidl_generator_c__visibility_control.h
-- Installing: /Rover_2022_2023/software/install/rover_arm_interface/include/rover_arm_interface/msg/arm_status_message.h
-- Installing: /Rover_2022_2023/software/install/rover_arm_interface/share/rover_arm_interface/environment/library_path.sh
-- Installing: /Rover_2022_2023/software/install/rover_arm_interface/share/rover_arm_interface/environment/library_path.dsv
-- Installing: /Rover_2022_2023/software/install/rover_arm_interface/lib/librover_arm_interface__rosidl_generator_c.so
-- Set runtime path of "/Rover_2022_2023/software/install/rover_arm_interface/lib/librover_arm_interface__rosidl_generator_c.so" to ""
-- Up-to-date: /Rover_2022_2023/software/install/rover_arm_interface/include/rover_arm_interface
-- Up-to-date: /Rover_2022_2023/software/install/rover_arm_interface/include/rover_arm_interface/msg
-- Up-to-date: /Rover_2022_2023/software/install/rover_arm_interface/include/rover_arm_interface/msg/detail
-- Installing: /Rover_2022_2023/software/install/rover_arm_interface/include/rover_arm_interface/msg/detail/arm_control_message__rosidl_typesupport_fastrtps_c.h
-- Installing: /Rover_2022_2023/software/install/rover_arm_interface/include/rover_arm_interface/msg/detail/arm_status_message__rosidl_typesupport_fastrtps_c.h
-- Installing: /Rover_2022_2023/software/install/rover_arm_interface/include/rover_arm_interface/msg/rosidl_typesupport_fastrtps_c__visibility_control.h
-- Installing: /Rover_2022_2023/software/install/rover_arm_interface/lib/librover_arm_interface__rosidl_typesupport_fastrtps_c.so
-- Set runtime path of "/Rover_2022_2023/software/install/rover_arm_interface/lib/librover_arm_interface__rosidl_typesupport_fastrtps_c.so" to ""
-- Up-to-date: /Rover_2022_2023/software/install/rover_arm_interface/include/rover_arm_interface
-- Up-to-date: /Rover_2022_2023/software/install/rover_arm_interface/include/rover_arm_interface/msg
-- Up-to-date: /Rover_2022_2023/software/install/rover_arm_interface/include/rover_arm_interface/msg/detail
-- Installing: /Rover_2022_2023/software/install/rover_arm_interface/include/rover_arm_interface/msg/detail/dds_fastrtps
-- Installing: /Rover_2022_2023/software/install/rover_arm_interface/include/rover_arm_interface/msg/detail/arm_status_message__rosidl_typesupport_fastrtps_cpp.hpp
-- Installing: /Rover_2022_2023/software/install/rover_arm_interface/include/rover_arm_interface/msg/detail/arm_control_message__rosidl_typesupport_fastrtps_cpp.hpp
-- Installing: /Rover_2022_2023/software/install/rover_arm_interface/include/rover_arm_interface/msg/rosidl_typesupport_fastrtps_cpp__visibility_control.h
-- Installing: /Rover_2022_2023/software/install/rover_arm_interface/lib/librover_arm_interface__rosidl_typesupport_fastrtps_cpp.so
-- Set runtime path of "/Rover_2022_2023/software/install/rover_arm_interface/lib/librover_arm_interface__rosidl_typesupport_fastrtps_cpp.so" to ""
-- Up-to-date: /Rover_2022_2023/software/install/rover_arm_interface/include/rover_arm_interface
-- Up-to-date: /Rover_2022_2023/software/install/rover_arm_interface/include/rover_arm_interface/msg
-- Up-to-date: /Rover_2022_2023/software/install/rover_arm_interface/include/rover_arm_interface/msg/detail
-- Installing: /Rover_2022_2023/software/install/rover_arm_interface/include/rover_arm_interface/msg/detail/arm_control_message__rosidl_typesupport_introspection_c.h
-- Installing: /Rover_2022_2023/software/install/rover_arm_interface/include/rover_arm_interface/msg/detail/arm_status_message__type_support.c
-- Installing: /Rover_2022_2023/software/install/rover_arm_interface/include/rover_arm_interface/msg/detail/arm_status_message__rosidl_typesupport_introspection_c.h
-- Installing: /Rover_2022_2023/software/install/rover_arm_interface/include/rover_arm_interface/msg/detail/arm_control_message__type_support.c
-- Installing: /Rover_2022_2023/software/install/rover_arm_interface/include/rover_arm_interface/msg/rosidl_typesupport_introspection_c__visibility_control.h
-- Installing: /Rover_2022_2023/software/install/rover_arm_interface/lib/librover_arm_interface__rosidl_typesupport_introspection_c.so
-- Set runtime path of "/Rover_2022_2023/software/install/rover_arm_interface/lib/librover_arm_interface__rosidl_typesupport_introspection_c.so" to ""
-- Installing: /Rover_2022_2023/software/install/rover_arm_interface/lib/librover_arm_interface__rosidl_typesupport_c.so
-- Set runtime path of "/Rover_2022_2023/software/install/rover_arm_interface/lib/librover_arm_interface__rosidl_typesupport_c.so" to ""
-- Up-to-date: /Rover_2022_2023/software/install/rover_arm_interface/include/rover_arm_interface
-- Up-to-date: /Rover_2022_2023/software/install/rover_arm_interface/include/rover_arm_interface/msg
-- Up-to-date: /Rover_2022_2023/software/install/rover_arm_interface/include/rover_arm_interface/msg/detail
-- Installing: /Rover_2022_2023/software/install/rover_arm_interface/include/rover_arm_interface/msg/detail/arm_status_message__builder.hpp
-- Installing: /Rover_2022_2023/software/install/rover_arm_interface/include/rover_arm_interface/msg/detail/arm_control_message__traits.hpp
-- Installing: /Rover_2022_2023/software/install/rover_arm_interface/include/rover_arm_interface/msg/detail/arm_status_message__struct.hpp
-- Installing: /Rover_2022_2023/software/install/rover_arm_interface/include/rover_arm_interface/msg/detail/arm_control_message__struct.hpp
-- Installing: /Rover_2022_2023/software/install/rover_arm_interface/include/rover_arm_interface/msg/detail/arm_control_message__builder.hpp
-- Installing: /Rover_2022_2023/software/install/rover_arm_interface/include/rover_arm_interface/msg/detail/arm_status_message__traits.hpp
-- Installing: /Rover_2022_2023/software/install/rover_arm_interface/include/rover_arm_interface/msg/arm_control_message.hpp
-- Installing: /Rover_2022_2023/software/install/rover_arm_interface/include/rover_arm_interface/msg/arm_status_message.hpp
-- Up-to-date: /Rover_2022_2023/software/install/rover_arm_interface/include/rover_arm_interface
-- Up-to-date: /Rover_2022_2023/software/install/rover_arm_interface/include/rover_arm_interface/msg
-- Up-to-date: /Rover_2022_2023/software/install/rover_arm_interface/include/rover_arm_interface/msg/detail
-- Installing: /Rover_2022_2023/software/install/rover_arm_interface/include/rover_arm_interface/msg/detail/arm_control_message__type_support.cpp
-- Installing: /Rover_2022_2023/software/install/rover_arm_interface/include/rover_arm_interface/msg/detail/arm_status_message__type_support.cpp
-- Installing: /Rover_2022_2023/software/install/rover_arm_interface/include/rover_arm_interface/msg/detail/arm_control_message__rosidl_typesupport_introspection_cpp.hpp
-- Installing: /Rover_2022_2023/software/install/rover_arm_interface/include/rover_arm_interface/msg/detail/arm_status_message__rosidl_typesupport_introspection_cpp.hpp
-- Installing: /Rover_2022_2023/software/install/rover_arm_interface/lib/librover_arm_interface__rosidl_typesupport_introspection_cpp.so
-- Set runtime path of "/Rover_2022_2023/software/install/rover_arm_interface/lib/librover_arm_interface__rosidl_typesupport_introspection_cpp.so" to ""
-- Installing: /Rover_2022_2023/software/install/rover_arm_interface/lib/librover_arm_interface__rosidl_typesupport_cpp.so
-- Set runtime path of "/Rover_2022_2023/software/install/rover_arm_interface/lib/librover_arm_interface__rosidl_typesupport_cpp.so" to ""
-- Installing: /Rover_2022_2023/software/install/rover_arm_interface/share/rover_arm_interface/environment/pythonpath.sh
-- Installing: /Rover_2022_2023/software/install/rover_arm_interface/share/rover_arm_interface/environment/pythonpath.dsv
-- Installing: /Rover_2022_2023/software/install/rover_arm_interface/lib/python3.8/site-packages/rover_arm_interface/__init__.py
Compiling '/Rover_2022_2023/software/install/rover_arm_interface/lib/python3.8/site-packages/rover_arm_interface/__init__.py'...
-- Installing: /Rover_2022_2023/software/install/rover_arm_interface/lib/python3.8/site-packages/rover_arm_interface/msg
-- Installing: /Rover_2022_2023/software/install/rover_arm_interface/lib/python3.8/site-packages/rover_arm_interface/msg/_arm_status_message.py
-- Installing: /Rover_2022_2023/software/install/rover_arm_interface/lib/python3.8/site-packages/rover_arm_interface/msg/__init__.py
-- Installing: /Rover_2022_2023/software/install/rover_arm_interface/lib/python3.8/site-packages/rover_arm_interface/msg/_arm_control_message_s.c
-- Installing: /Rover_2022_2023/software/install/rover_arm_interface/lib/python3.8/site-packages/rover_arm_interface/msg/_arm_control_message.py
-- Installing: /Rover_2022_2023/software/install/rover_arm_interface/lib/python3.8/site-packages/rover_arm_interface/msg/_arm_status_message_s.c
-- Installing: /Rover_2022_2023/software/install/rover_arm_interface/lib/python3.8/site-packages/rover_arm_interface/rover_arm_interface_s__rosidl_typesupport_fastrtps_c.cpython-38-x86_64-linux-gnu.so
-- Set runtime path of "/Rover_2022_2023/software/install/rover_arm_interface/lib/python3.8/site-packages/rover_arm_interface/rover_arm_interface_s__rosidl_typesupport_fastrtps_c.cpython-38-x86_64-linux-gnu.so" to ""
-- Installing: /Rover_2022_2023/software/install/rover_arm_interface/lib/python3.8/site-packages/rover_arm_interface/rover_arm_interface_s__rosidl_typesupport_introspection_c.cpython-38-x86_64-linux-gnu.so
-- Set runtime path of "/Rover_2022_2023/software/install/rover_arm_interface/lib/python3.8/site-packages/rover_arm_interface/rover_arm_interface_s__rosidl_typesupport_introspection_c.cpython-38-x86_64-linux-gnu.so" to ""
-- Installing: /Rover_2022_2023/software/install/rover_arm_interface/lib/python3.8/site-packages/rover_arm_interface/rover_arm_interface_s__rosidl_typesupport_c.cpython-38-x86_64-linux-gnu.so
-- Set runtime path of "/Rover_2022_2023/software/install/rover_arm_interface/lib/python3.8/site-packages/rover_arm_interface/rover_arm_interface_s__rosidl_typesupport_c.cpython-38-x86_64-linux-gnu.so" to ""
-- Installing: /Rover_2022_2023/software/install/rover_arm_interface/lib/librover_arm_interface__python.so
-- Set runtime path of "/Rover_2022_2023/software/install/rover_arm_interface/lib/librover_arm_interface__python.so" to ""
-- Installing: /Rover_2022_2023/software/install/rover_arm_interface/share/rover_arm_interface/msg/ArmControlMessage.idl
-- Installing: /Rover_2022_2023/software/install/rover_arm_interface/share/rover_arm_interface/msg/ArmStatusMessage.idl
-- Installing: /Rover_2022_2023/software/install/rover_arm_interface/share/rover_arm_interface/msg/ArmControlMessage.msg
-- Installing: /Rover_2022_2023/software/install/rover_arm_interface/share/rover_arm_interface/msg/ArmStatusMessage.msg
-- Installing: /Rover_2022_2023/software/install/rover_arm_interface/share/ament_index/resource_index/package_run_dependencies/rover_arm_interface
-- Installing: /Rover_2022_2023/software/install/rover_arm_interface/share/ament_index/resource_index/parent_prefix_path/rover_arm_interface
-- Installing: /Rover_2022_2023/software/install/rover_arm_interface/share/rover_arm_interface/environment/ament_prefix_path.sh
-- Installing: /Rover_2022_2023/software/install/rover_arm_interface/share/rover_arm_interface/environment/ament_prefix_path.dsv
-- Installing: /Rover_2022_2023/software/install/rover_arm_interface/share/rover_arm_interface/environment/path.sh
-- Installing: /Rover_2022_2023/software/install/rover_arm_interface/share/rover_arm_interface/environment/path.dsv
-- Installing: /Rover_2022_2023/software/install/rover_arm_interface/share/rover_arm_interface/local_setup.bash
-- Installing: /Rover_2022_2023/software/install/rover_arm_interface/share/rover_arm_interface/local_setup.sh
-- Installing: /Rover_2022_2023/software/install/rover_arm_interface/share/rover_arm_interface/local_setup.zsh
-- Installing: /Rover_2022_2023/software/install/rover_arm_interface/share/rover_arm_interface/local_setup.dsv
-- Installing: /Rover_2022_2023/software/install/rover_arm_interface/share/rover_arm_interface/package.dsv
-- Installing: /Rover_2022_2023/software/install/rover_arm_interface/share/ament_index/resource_index/packages/rover_arm_interface
-- Installing: /Rover_2022_2023/software/install/rover_arm_interface/share/rover_arm_interface/cmake/rover_arm_interface__rosidl_generator_cExport.cmake
-- Installing: /Rover_2022_2023/software/install/rover_arm_interface/share/rover_arm_interface/cmake/rover_arm_interface__rosidl_generator_cExport-noconfig.cmake
-- Installing: /Rover_2022_2023/software/install/rover_arm_interface/share/rover_arm_interface/cmake/rover_arm_interface__rosidl_typesupport_introspection_cExport.cmake
-- Installing: /Rover_2022_2023/software/install/rover_arm_interface/share/rover_arm_interface/cmake/rover_arm_interface__rosidl_typesupport_introspection_cExport-noconfig.cmake
-- Installing: /Rover_2022_2023/software/install/rover_arm_interface/share/rover_arm_interface/cmake/rover_arm_interface__rosidl_typesupport_cExport.cmake
-- Installing: /Rover_2022_2023/software/install/rover_arm_interface/share/rover_arm_interface/cmake/rover_arm_interface__rosidl_typesupport_cExport-noconfig.cmake
-- Installing: /Rover_2022_2023/software/install/rover_arm_interface/share/rover_arm_interface/cmake/rover_arm_interface__rosidl_generator_cppExport.cmake
-- Installing: /Rover_2022_2023/software/install/rover_arm_interface/share/rover_arm_interface/cmake/rover_arm_interface__rosidl_typesupport_introspection_cppExport.cmake
-- Installing: /Rover_2022_2023/software/install/rover_arm_interface/share/rover_arm_interface/cmake/rover_arm_interface__rosidl_typesupport_introspection_cppExport-noconfig.cmake
-- Installing: /Rover_2022_2023/software/install/rover_arm_interface/share/rover_arm_interface/cmake/rover_arm_interface__rosidl_typesupport_cppExport.cmake
-- Installing: /Rover_2022_2023/software/install/rover_arm_interface/share/rover_arm_interface/cmake/rover_arm_interface__rosidl_typesupport_cppExport-noconfig.cmake
-- Installing: /Rover_2022_2023/software/install/rover_arm_interface/share/rover_arm_interface/cmake/rosidl_cmake-extras.cmake
-- Installing: /Rover_2022_2023/software/install/rover_arm_interface/share/rover_arm_interface/cmake/ament_cmake_export_dependencies-extras.cmake
-- Installing: /Rover_2022_2023/software/install/rover_arm_interface/share/rover_arm_interface/cmake/ament_cmake_export_libraries-extras.cmake
-- Installing: /Rover_2022_2023/software/install/rover_arm_interface/share/rover_arm_interface/cmake/ament_cmake_export_targets-extras.cmake
-- Installing: /Rover_2022_2023/software/install/rover_arm_interface/share/rover_arm_interface/cmake/ament_cmake_export_include_directories-extras.cmake
-- Installing: /Rover_2022_2023/software/install/rover_arm_interface/share/rover_arm_interface/cmake/rosidl_cmake_export_typesupport_libraries-extras.cmake
-- Installing: /Rover_2022_2023/software/install/rover_arm_interface/share/rover_arm_interface/cmake/rosidl_cmake_export_typesupport_targets-extras.cmake
-- Installing: /Rover_2022_2023/software/install/rover_arm_interface/share/rover_arm_interface/cmake/rover_arm_interfaceConfig.cmake
-- Installing: /Rover_2022_2023/software/install/rover_arm_interface/share/rover_arm_interface/cmake/rover_arm_interfaceConfig-version.cmake
-- Installing: /Rover_2022_2023/software/install/rover_arm_interface/share/rover_arm_interface/package.xml
