[0.072s] Invoking command in '/Rover_2022_2023/software/build/tutorial_service': CMAKE_PREFIX_PATH=${CMAKE_PREFIX_PATH}:/opt/ros/foxy /usr/bin/cmake /Rover_2022_2023/software/ros_packages/tutorial_service -DCMAKE_INSTALL_PREFIX=/Rover_2022_2023/software/install/tutorial_service
[0.295s] -- The C compiler identification is GNU 9.4.0
[0.490s] -- The CXX compiler identification is GNU 9.4.0
[0.508s] -- Check for working C compiler: /usr/bin/cc
[0.750s] -- Check for working C compiler: /usr/bin/cc -- works
[0.753s] -- Detecting C compiler ABI info
[0.992s] -- Detecting C compiler ABI info - done
[1.038s] -- Detecting C compile features
[1.040s] -- Detecting C compile features - done
[1.049s] -- Check for working CXX compiler: /usr/bin/c++
[1.351s] -- Check for working CXX compiler: /usr/bin/c++ -- works
[1.357s] -- Detecting CXX compiler ABI info
[1.655s] -- Detecting CXX compiler ABI info - done
[1.704s] -- Detecting CXX compile features
[1.706s] -- Detecting CXX compile features - done
[1.717s] -- Found ament_cmake: 0.9.11 (/opt/ros/foxy/share/ament_cmake/cmake)
[1.807s] -- Found PythonInterp: /usr/bin/python3 (found suitable version "3.8.10", minimum required is "3") 
[1.808s] -- Using PYTHON_EXECUTABLE: /usr/bin/python3
[2.544s] -- Found rclcpp: 2.4.2 (/opt/ros/foxy/share/rclcpp/cmake)
[2.684s] -- Using all available rosidl_typesupport_c: rosidl_typesupport_fastrtps_c;rosidl_typesupport_introspection_c
[2.716s] -- Found rosidl_adapter: 1.3.0 (/opt/ros/foxy/share/rosidl_adapter/cmake)
[3.029s] -- Found OpenSSL: /usr/lib/x86_64-linux-gnu/libcrypto.so (found version "1.1.1f")  
[3.168s] -- Found FastRTPS: /opt/ros/foxy/include  
[3.496s] -- Using all available rosidl_typesupport_cpp: rosidl_typesupport_fastrtps_cpp;rosidl_typesupport_introspection_cpp
[3.636s] -- Found rmw_implementation_cmake: 1.0.3 (/opt/ros/foxy/share/rmw_implementation_cmake/cmake)
[3.638s] -- Using RMW implementation 'rmw_fastrtps_cpp' as default
[3.640s] -- Looking for pthread.h
[3.825s] -- Looking for pthread.h - found
[3.826s] -- Performing Test CMAKE_HAVE_LIBC_PTHREAD
[4.069s] -- Performing Test CMAKE_HAVE_LIBC_PTHREAD - Failed
[4.070s] -- Looking for pthread_create in pthreads
[4.266s] -- Looking for pthread_create in pthreads - not found
[4.267s] -- Looking for pthread_create in pthread
[4.513s] -- Looking for pthread_create in pthread - found
[4.517s] -- Found Threads: TRUE  
[4.980s] -- Found tutorial_interfaces: 0.0.0 (/Rover_2022_2023/software/install/tutorial_interfaces/share/tutorial_interfaces/cmake)
[5.012s] -- Found ament_lint_auto: 0.9.7 (/opt/ros/foxy/share/ament_lint_auto/cmake)
[5.297s] -- Added test 'copyright' to check source files copyright and LICENSE
[5.301s] -- Added test 'cppcheck' to perform static code analysis on C / C++ code
[5.301s] -- Configured cppcheck include dirs: 
[5.302s] -- Configured cppcheck exclude dirs and/or files: 
[5.304s] -- Added test 'cpplint' to check C / C++ code against the Google style
[5.304s] -- Configured cpplint exclude dirs and/or files: 
[5.307s] -- Added test 'lint_cmake' to check CMake code style
[5.310s] -- Added test 'uncrustify' to check C / C++ code style
[5.310s] -- Configured uncrustify additional arguments: 
[5.312s] -- Added test 'xmllint' to check XML markup files
[5.323s] -- Configuring done
[5.333s] -- Generating done
[5.338s] -- Build files have been written to: /Rover_2022_2023/software/build/tutorial_service
[5.357s] Invoked command in '/Rover_2022_2023/software/build/tutorial_service' returned '0': CMAKE_PREFIX_PATH=${CMAKE_PREFIX_PATH}:/opt/ros/foxy /usr/bin/cmake /Rover_2022_2023/software/ros_packages/tutorial_service -DCMAKE_INSTALL_PREFIX=/Rover_2022_2023/software/install/tutorial_service
[5.367s] Invoking command in '/Rover_2022_2023/software/build/tutorial_service': CMAKE_PREFIX_PATH=${CMAKE_PREFIX_PATH}:/opt/ros/foxy /usr/bin/cmake --build /Rover_2022_2023/software/build/tutorial_service -- -j12 -l12
[5.520s] Invoked command in '/Rover_2022_2023/software/build/tutorial_service' returned '0': CMAKE_PREFIX_PATH=${CMAKE_PREFIX_PATH}:/opt/ros/foxy /usr/bin/cmake --build /Rover_2022_2023/software/build/tutorial_service -- -j12 -l12
[5.629s] Invoking command in '/Rover_2022_2023/software/build/tutorial_service': CMAKE_PREFIX_PATH=${CMAKE_PREFIX_PATH}:/opt/ros/foxy /usr/bin/cmake --install /Rover_2022_2023/software/build/tutorial_service
[5.661s] -- Install configuration: ""
[5.662s] -- Installing: /Rover_2022_2023/software/install/tutorial_service/share/ament_index/resource_index/package_run_dependencies/tutorial_service
[5.663s] -- Installing: /Rover_2022_2023/software/install/tutorial_service/share/ament_index/resource_index/parent_prefix_path/tutorial_service
[5.665s] -- Installing: /Rover_2022_2023/software/install/tutorial_service/share/tutorial_service/environment/ament_prefix_path.sh
[5.665s] -- Installing: /Rover_2022_2023/software/install/tutorial_service/share/tutorial_service/environment/ament_prefix_path.dsv
[5.666s] -- Installing: /Rover_2022_2023/software/install/tutorial_service/share/tutorial_service/environment/path.sh
[5.666s] -- Installing: /Rover_2022_2023/software/install/tutorial_service/share/tutorial_service/environment/path.dsv
[5.667s] -- Installing: /Rover_2022_2023/software/install/tutorial_service/share/tutorial_service/local_setup.bash
[5.668s] -- Installing: /Rover_2022_2023/software/install/tutorial_service/share/tutorial_service/local_setup.sh
[5.669s] -- Installing: /Rover_2022_2023/software/install/tutorial_service/share/tutorial_service/local_setup.zsh
[5.669s] -- Installing: /Rover_2022_2023/software/install/tutorial_service/share/tutorial_service/local_setup.dsv
[5.669s] -- Installing: /Rover_2022_2023/software/install/tutorial_service/share/tutorial_service/package.dsv
[5.670s] -- Installing: /Rover_2022_2023/software/install/tutorial_service/share/ament_index/resource_index/packages/tutorial_service
[5.671s] -- Installing: /Rover_2022_2023/software/install/tutorial_service/share/tutorial_service/cmake/tutorial_serviceConfig.cmake
[5.672s] -- Installing: /Rover_2022_2023/software/install/tutorial_service/share/tutorial_service/cmake/tutorial_serviceConfig-version.cmake
[5.672s] -- Installing: /Rover_2022_2023/software/install/tutorial_service/share/tutorial_service/package.xml
[5.679s] Invoked command in '/Rover_2022_2023/software/build/tutorial_service' returned '0': CMAKE_PREFIX_PATH=${CMAKE_PREFIX_PATH}:/opt/ros/foxy /usr/bin/cmake --install /Rover_2022_2023/software/build/tutorial_service
