[0.064s] Invoking command in '/Rover_2022_2023/software/build/rover_arm': /usr/bin/cmake /Rover_2022_2023/software/ros_packages/rover_arm -DCATKIN_INSTALL_INTO_PREFIX_ROOT=0 -DCMAKE_INSTALL_PREFIX=/Rover_2022_2023/software/install/rover_arm
[0.284s] -- The C compiler identification is GNU 9.4.0
[0.465s] -- The CXX compiler identification is GNU 9.4.0
[0.483s] -- Check for working C compiler: /usr/bin/cc
[0.726s] -- Check for working C compiler: /usr/bin/cc -- works
[0.730s] -- Detecting C compiler ABI info
[0.961s] -- Detecting C compiler ABI info - done
[1.011s] -- Detecting C compile features
[1.013s] -- Detecting C compile features - done
[1.022s] -- Check for working CXX compiler: /usr/bin/c++
[1.302s] -- Check for working CXX compiler: /usr/bin/c++ -- works
[1.307s] -- Detecting CXX compiler ABI info
[1.575s] -- Detecting CXX compiler ABI info - done
[1.621s] -- Detecting CXX compile features
[1.623s] -- Detecting CXX compile features - done
[1.635s] -- Found ament_cmake: 0.9.11 (/opt/ros/foxy/share/ament_cmake/cmake)
[1.717s] -- Found PythonInterp: /usr/bin/python3 (found suitable version "3.8.10", minimum required is "3") 
[1.717s] -- Using PYTHON_EXECUTABLE: /usr/bin/python3
[2.293s] -- Found rclcpp: 2.4.2 (/opt/ros/foxy/share/rclcpp/cmake)
[2.468s] -- Using all available rosidl_typesupport_c: rosidl_typesupport_fastrtps_c;rosidl_typesupport_introspection_c
[2.494s] -- Found rosidl_adapter: 1.3.0 (/opt/ros/foxy/share/rosidl_adapter/cmake)
[2.804s] -- Found OpenSSL: /usr/lib/x86_64-linux-gnu/libcrypto.so (found version "1.1.1f")  
[2.919s] -- Found FastRTPS: /opt/ros/foxy/include  
[3.227s] -- Using all available rosidl_typesupport_cpp: rosidl_typesupport_fastrtps_cpp;rosidl_typesupport_introspection_cpp
[3.437s] -- Found rmw_implementation_cmake: 1.0.3 (/opt/ros/foxy/share/rmw_implementation_cmake/cmake)
[3.443s] -- Using RMW implementation 'rmw_fastrtps_cpp' as default
[3.446s] -- Looking for pthread.h
[3.677s] -- Looking for pthread.h - found
[3.678s] -- Performing Test CMAKE_HAVE_LIBC_PTHREAD
[3.917s] -- Performing Test CMAKE_HAVE_LIBC_PTHREAD - Failed
[3.918s] -- Looking for pthread_create in pthreads
[4.102s] -- Looking for pthread_create in pthreads - not found
[4.103s] -- Looking for pthread_create in pthread
[4.346s] -- Looking for pthread_create in pthread - found
[4.352s] -- Found Threads: TRUE  
[4.925s] -- Found rover_arm_interface: 0.0.0 (/Rover_2022_2023/software/install/rover_arm_interface/share/rover_arm_interface/cmake)
[4.960s] CMake Error at /opt/ros/foxy/share/ament_cmake_target_dependencies/cmake/ament_target_dependencies.cmake:42 (message):
[4.961s]   ament_target_dependencies() the first argument must be a valid target name
[4.961s] Call Stack (most recent call first):
[4.961s]   CMakeLists.txt:26 (ament_target_dependencies)
[4.962s] 
[4.962s] 
[4.965s] -- Configuring incomplete, errors occurred!
[4.966s] See also "/Rover_2022_2023/software/build/rover_arm/CMakeFiles/CMakeOutput.log".
[4.966s] See also "/Rover_2022_2023/software/build/rover_arm/CMakeFiles/CMakeError.log".
[4.983s] Invoked command in '/Rover_2022_2023/software/build/rover_arm' returned '1': /usr/bin/cmake /Rover_2022_2023/software/ros_packages/rover_arm -DCATKIN_INSTALL_INTO_PREFIX_ROOT=0 -DCMAKE_INSTALL_PREFIX=/Rover_2022_2023/software/install/rover_arm
