[0.063s] Invoking command in '/Rover_2022_2023/software/ros_packages/build/rover_arm': /usr/bin/cmake /Rover_2022_2023/software/ros_packages/rover_arm -DCATKIN_INSTALL_INTO_PREFIX_ROOT=0 -DCMAKE_INSTALL_PREFIX=/Rover_2022_2023/software/ros_packages/install/rover_arm
[0.304s] -- The C compiler identification is GNU 9.4.0
[0.508s] -- The CXX compiler identification is GNU 9.4.0
[0.529s] -- Check for working C compiler: /usr/bin/cc
[0.797s] -- Check for working C compiler: /usr/bin/cc -- works
[0.801s] -- Detecting C compiler ABI info
[1.072s] -- Detecting C compiler ABI info - done
[1.124s] -- Detecting C compile features
[1.125s] -- Detecting C compile features - done
[1.135s] -- Check for working CXX compiler: /usr/bin/c++
[1.404s] -- Check for working CXX compiler: /usr/bin/c++ -- works
[1.409s] -- Detecting CXX compiler ABI info
[1.680s] -- Detecting CXX compiler ABI info - done
[1.728s] -- Detecting CXX compile features
[1.730s] -- Detecting CXX compile features - done
[1.743s] -- Found ament_cmake: 0.9.11 (/opt/ros/foxy/share/ament_cmake/cmake)
[1.826s] -- Found PythonInterp: /usr/bin/python3 (found suitable version "3.8.10", minimum required is "3") 
[1.826s] -- Using PYTHON_EXECUTABLE: /usr/bin/python3
[2.474s] -- Found rclcpp: 2.4.2 (/opt/ros/foxy/share/rclcpp/cmake)
[2.595s] -- Using all available rosidl_typesupport_c: rosidl_typesupport_fastrtps_c;rosidl_typesupport_introspection_c
[2.623s] -- Found rosidl_adapter: 1.3.0 (/opt/ros/foxy/share/rosidl_adapter/cmake)
[2.901s] -- Found OpenSSL: /usr/lib/x86_64-linux-gnu/libcrypto.so (found version "1.1.1f")  
[3.013s] -- Found FastRTPS: /opt/ros/foxy/include  
[3.310s] -- Using all available rosidl_typesupport_cpp: rosidl_typesupport_fastrtps_cpp;rosidl_typesupport_introspection_cpp
[3.469s] -- Found rmw_implementation_cmake: 1.0.3 (/opt/ros/foxy/share/rmw_implementation_cmake/cmake)
[3.470s] -- Using RMW implementation 'rmw_fastrtps_cpp' as default
[3.472s] -- Looking for pthread.h
[3.686s] -- Looking for pthread.h - found
[3.687s] -- Performing Test CMAKE_HAVE_LIBC_PTHREAD
[3.933s] -- Performing Test CMAKE_HAVE_LIBC_PTHREAD - Failed
[3.934s] -- Looking for pthread_create in pthreads
[4.129s] -- Looking for pthread_create in pthreads - not found
[4.130s] -- Looking for pthread_create in pthread
[4.350s] -- Looking for pthread_create in pthread - found
[4.355s] -- Found Threads: TRUE  
[4.757s] -- Found rover_arm_interface: 0.0.0 (/Rover_2022_2023/software/install/rover_arm_interface/share/rover_arm_interface/cmake)
[4.789s] CMake Error at /opt/ros/foxy/share/ament_cmake_target_dependencies/cmake/ament_target_dependencies.cmake:42 (message):
[4.790s]   ament_target_dependencies() the first argument must be a valid target name
[4.790s] Call Stack (most recent call first):
[4.790s]   CMakeLists.txt:26 (ament_target_dependencies)
[4.790s] 
[4.791s] 
[4.794s] -- Configuring incomplete, errors occurred!
[4.795s] See also "/Rover_2022_2023/software/ros_packages/build/rover_arm/CMakeFiles/CMakeOutput.log".
[4.795s] See also "/Rover_2022_2023/software/ros_packages/build/rover_arm/CMakeFiles/CMakeError.log".
[4.813s] Invoked command in '/Rover_2022_2023/software/ros_packages/build/rover_arm' returned '1': /usr/bin/cmake /Rover_2022_2023/software/ros_packages/rover_arm -DCATKIN_INSTALL_INTO_PREFIX_ROOT=0 -DCMAKE_INSTALL_PREFIX=/Rover_2022_2023/software/ros_packages/install/rover_arm
