[  2%] Built target rover_arm_interface__cpp
[ 12%] Built target rover_arm_interface__rosidl_generator_c
[ 33%] Built target rover_arm_interface__rosidl_typesupport_introspection_cpp
[ 33%] Built target rover_arm_interface__rosidl_typesupport_cpp
[ 43%] Built target rover_arm_interface__rosidl_typesupport_c
[ 53%] Built target rover_arm_interface__rosidl_typesupport_introspection_c
[ 64%] Built target rover_arm_interface__rosidl_typesupport_fastrtps_cpp
[ 74%] Built target rover_arm_interface__rosidl_typesupport_fastrtps_c
[ 74%] Built target rover_arm_interface
[ 76%] Built target rover_arm_interface__py
[ 84%] Built target rover_arm_interface__python
[ 94%] Built target rover_arm_interface__rosidl_typesupport_c__pyext
[ 94%] Built target rover_arm_interface__rosidl_typesupport_fastrtps_c__pyext
[100%] Built target rover_arm_interface__rosidl_typesupport_introspection_c__pyext
-- Install configuration: ""
-- Installing: /Rover_2022_2023/software/install/rover_arm_interface/share/ament_index/resource_index/rosidl_interfaces/rover_arm_interface
-- Installing: /Rover_2022_2023/software/install/rover_arm_interface/include/rover_arm_interface
-- Installing: /Rover_2022_2023/software/install/rover_arm_interface/include/rover_arm_interface/msg
-- Installing: /Rover_2022_2023/software/install/rover_arm_interface/include/rover_arm_interface/msg/arm_control_message.h
-- Installing: /Rover_2022_2023/software/install/rover_arm_interface/include/rover_arm_interface/msg/detail
-- Installing: /Rover_2022_2023/software/install/rover_arm_interface/include/rover_arm_interface/msg/detail/arm_status_message__functions.c
-- Installing: /Rover_2022_2023/software/install/rover_arm_interface/include/rover_arm_interface/msg/detail/arm_control_message__functions.c
-- Installing: /Rover_2022_2023/software/install/rover_arm_interface/include/rover_arm_interface/msg/detail/arm_status_message__functions.h
-- Installing: /Rover_2022_2023/software/install/rover_arm_interface/include/rover_arm_interface/msg/detail/arm_status_message__struct.h
-- Installing: /Rover_2022_2023/software/install/rover_arm_interface/include/rover_arm_interface/msg/detail/arm_status_message__type_support.h
-- Installing: /Rover_2022_2023/software/install/rover_arm_interface/include/rover_arm_interface/msg/detail/arm_control_message__functions.h
-- Installing: /Rover_2022_2023/software/install/rover_arm_interface/include/rover_arm_interface/msg/detail/arm_control_message__struct.h
-- Installing: /Rover_2022_2023/software/install/rover_arm_interface/include/rover_arm_interface/msg/detail/arm_control_message__type_support.h
-- Installing: /Rover_2022_2023/software/install/rover_arm_interface/include/rover_arm_interface/msg/rosidl_generator_c__visibility_control.h
-- Installing: /Rover_2022_2023/software/install/rover_arm_interface/include/rover_arm_interface/msg/arm_status_message.h
-- Installing: /Rover_2022_2023/software/install/rover_arm_interface/share/rover_arm_interface/environment/library_path.sh
-- Installing: /Rover_2022_2023/software/install/rover_arm_interface/share/rover_arm_interface/environment/library_path.dsv
-- Installing: /Rover_2022_2023/software/install/rover_arm_interface/lib/librover_arm_interface__rosidl_generator_c.so
-- Set runtime path of "/Rover_2022_2023/software/install/rover_arm_interface/lib/librover_arm_interface__rosidl_generator_c.so" to ""
-- Up-to-date: /Rover_2022_2023/software/install/rover_arm_interface/include/rover_arm_interface
-- Up-to-date: /Rover_2022_2023/software/install/rover_arm_interface/include/rover_arm_interface/msg
-- Up-to-date: /Rover_2022_2023/software/install/rover_arm_interface/include/rover_arm_interface/msg/detail
-- Installing: /Rover_2022_2023/software/install/rover_arm_interface/include/rover_arm_interface/msg/detail/arm_control_message__rosidl_typesupport_fastrtps_c.h
-- Installing: /Rover_2022_2023/software/install/rover_arm_interface/include/rover_arm_interface/msg/detail/arm_status_message__rosidl_typesupport_fastrtps_c.h
-- Installing: /Rover_2022_2023/software/install/rover_arm_interface/include/rover_arm_interface/msg/rosidl_typesupport_fastrtps_c__visibility_control.h
-- Installing: /Rover_2022_2023/software/install/rover_arm_interface/lib/librover_arm_interface__rosidl_typesupport_fastrtps_c.so
-- Set runtime path of "/Rover_2022_2023/software/install/rover_arm_interface/lib/librover_arm_interface__rosidl_typesupport_fastrtps_c.so" to ""
-- Up-to-date: /Rover_2022_2023/software/install/rover_arm_interface/include/rover_arm_interface
-- Up-to-date: /Rover_2022_2023/software/install/rover_arm_interface/include/rover_arm_interface/msg
-- Up-to-date: /Rover_2022_2023/software/install/rover_arm_interface/include/rover_arm_interface/msg/detail
-- Installing: /Rover_2022_2023/software/install/rover_arm_interface/include/rover_arm_interface/msg/detail/dds_fastrtps
-- Installing: /Rover_2022_2023/software/install/rover_arm_interface/include/rover_arm_interface/msg/detail/arm_status_message__rosidl_typesupport_fastrtps_cpp.hpp
-- Installing: /Rover_2022_2023/software/install/rover_arm_interface/include/rover_arm_interface/msg/detail/arm_control_message__rosidl_typesupport_fastrtps_cpp.hpp
-- Installing: /Rover_2022_2023/software/install/rover_arm_interface/include/rover_arm_interface/msg/rosidl_typesupport_fastrtps_cpp__visibility_control.h
-- Installing: /Rover_2022_2023/software/install/rover_arm_interface/lib/librover_arm_interface__rosidl_typesupport_fastrtps_cpp.so
-- Set runtime path of "/Rover_2022_2023/software/install/rover_arm_interface/lib/librover_arm_interface__rosidl_typesupport_fastrtps_cpp.so" to ""
-- Up-to-date: /Rover_2022_2023/software/install/rover_arm_interface/include/rover_arm_interface
-- Up-to-date: /Rover_2022_2023/software/install/rover_arm_interface/include/rover_arm_interface/msg
-- Up-to-date: /Rover_2022_2023/software/install/rover_arm_interface/include/rover_arm_interface/msg/detail
-- Installing: /Rover_2022_2023/software/install/rover_arm_interface/include/rover_arm_interface/msg/detail/arm_control_message__rosidl_typesupport_introspection_c.h
-- Installing: /Rover_2022_2023/software/install/rover_arm_interface/include/rover_arm_interface/msg/detail/arm_status_message__type_support.c
-- Installing: /Rover_2022_2023/software/install/rover_arm_interface/include/rover_arm_interface/msg/detail/arm_status_message__rosidl_typesupport_introspection_c.h
-- Installing: /Rover_2022_2023/software/install/rover_arm_interface/include/rover_arm_interface/msg/detail/arm_control_message__type_support.c
-- Installing: /Rover_2022_2023/software/install/rover_arm_interface/include/rover_arm_interface/msg/rosidl_typesupport_introspection_c__visibility_control.h
-- Installing: /Rover_2022_2023/software/install/rover_arm_interface/lib/librover_arm_interface__rosidl_typesupport_introspection_c.so
-- Set runtime path of "/Rover_2022_2023/software/install/rover_arm_interface/lib/librover_arm_interface__rosidl_typesupport_introspection_c.so" to ""
-- Installing: /Rover_2022_2023/software/install/rover_arm_interface/lib/librover_arm_interface__rosidl_typesupport_c.so
-- Set runtime path of "/Rover_2022_2023/software/install/rover_arm_interface/lib/librover_arm_interface__rosidl_typesupport_c.so" to ""
-- Up-to-date: /Rover_2022_2023/software/install/rover_arm_interface/include/rover_arm_interface
-- Up-to-date: /Rover_2022_2023/software/install/rover_arm_interface/include/rover_arm_interface/msg
-- Up-to-date: /Rover_2022_2023/software/install/rover_arm_interface/include/rover_arm_interface/msg/detail
-- Installing: /Rover_2022_2023/software/install/rover_arm_interface/include/rover_arm_interface/msg/detail/arm_status_message__builder.hpp
-- Installing: /Rover_2022_2023/software/install/rover_arm_interface/include/rover_arm_interface/msg/detail/arm_control_message__traits.hpp
-- Installing: /Rover_2022_2023/software/install/rover_arm_interface/include/rover_arm_interface/msg/detail/arm_status_message__struct.hpp
-- Installing: /Rover_2022_2023/software/install/rover_arm_interface/include/rover_arm_interface/msg/detail/arm_control_message__struct.hpp
-- Installing: /Rover_2022_2023/software/install/rover_arm_interface/include/rover_arm_interface/msg/detail/arm_control_message__builder.hpp
-- Installing: /Rover_2022_2023/software/install/rover_arm_interface/include/rover_arm_interface/msg/detail/arm_status_message__traits.hpp
-- Installing: /Rover_2022_2023/software/install/rover_arm_interface/include/rover_arm_interface/msg/arm_control_message.hpp
-- Installing: /Rover_2022_2023/software/install/rover_arm_interface/include/rover_arm_interface/msg/arm_status_message.hpp
-- Up-to-date: /Rover_2022_2023/software/install/rover_arm_interface/include/rover_arm_interface
-- Up-to-date: /Rover_2022_2023/software/install/rover_arm_interface/include/rover_arm_interface/msg
-- Up-to-date: /Rover_2022_2023/software/install/rover_arm_interface/include/rover_arm_interface/msg/detail
-- Installing: /Rover_2022_2023/software/install/rover_arm_interface/include/rover_arm_interface/msg/detail/arm_control_message__type_support.cpp
-- Installing: /Rover_2022_2023/software/install/rover_arm_interface/include/rover_arm_interface/msg/detail/arm_status_message__type_support.cpp
-- Installing: /Rover_2022_2023/software/install/rover_arm_interface/include/rover_arm_interface/msg/detail/arm_control_message__rosidl_typesupport_introspection_cpp.hpp
-- Installing: /Rover_2022_2023/software/install/rover_arm_interface/include/rover_arm_interface/msg/detail/arm_status_message__rosidl_typesupport_introspection_cpp.hpp
-- Installing: /Rover_2022_2023/software/install/rover_arm_interface/lib/librover_arm_interface__rosidl_typesupport_introspection_cpp.so
-- Set runtime path of "/Rover_2022_2023/software/install/rover_arm_interface/lib/librover_arm_interface__rosidl_typesupport_introspection_cpp.so" to ""
-- Installing: /Rover_2022_2023/software/install/rover_arm_interface/lib/librover_arm_interface__rosidl_typesupport_cpp.so
-- Set runtime path of "/Rover_2022_2023/software/install/rover_arm_interface/lib/librover_arm_interface__rosidl_typesupport_cpp.so" to ""
-- Installing: /Rover_2022_2023/software/install/rover_arm_interface/share/rover_arm_interface/environment/pythonpath.sh
-- Installing: /Rover_2022_2023/software/install/rover_arm_interface/share/rover_arm_interface/environment/pythonpath.dsv
-- Installing: /Rover_2022_2023/software/install/rover_arm_interface/lib/python3.8/site-packages/rover_arm_interface/__init__.py
Compiling '/Rover_2022_2023/software/install/rover_arm_interface/lib/python3.8/site-packages/rover_arm_interface/__init__.py'...
-- Installing: /Rover_2022_2023/software/install/rover_arm_interface/lib/python3.8/site-packages/rover_arm_interface/msg
-- Installing: /Rover_2022_2023/software/install/rover_arm_interface/lib/python3.8/site-packages/rover_arm_interface/msg/_arm_status_message.py
-- Installing: /Rover_2022_2023/software/install/rover_arm_interface/lib/python3.8/site-packages/rover_arm_interface/msg/__init__.py
-- Installing: /Rover_2022_2023/software/install/rover_arm_interface/lib/python3.8/site-packages/rover_arm_interface/msg/_arm_control_message_s.c
-- Installing: /Rover_2022_2023/software/install/rover_arm_interface/lib/python3.8/site-packages/rover_arm_interface/msg/_arm_control_message.py
-- Installing: /Rover_2022_2023/software/install/rover_arm_interface/lib/python3.8/site-packages/rover_arm_interface/msg/_arm_status_message_s.c
-- Installing: /Rover_2022_2023/software/install/rover_arm_interface/lib/python3.8/site-packages/rover_arm_interface/rover_arm_interface_s__rosidl_typesupport_fastrtps_c.cpython-38-x86_64-linux-gnu.so
-- Set runtime path of "/Rover_2022_2023/software/install/rover_arm_interface/lib/python3.8/site-packages/rover_arm_interface/rover_arm_interface_s__rosidl_typesupport_fastrtps_c.cpython-38-x86_64-linux-gnu.so" to ""
-- Installing: /Rover_2022_2023/software/install/rover_arm_interface/lib/python3.8/site-packages/rover_arm_interface/rover_arm_interface_s__rosidl_typesupport_introspection_c.cpython-38-x86_64-linux-gnu.so
-- Set runtime path of "/Rover_2022_2023/software/install/rover_arm_interface/lib/python3.8/site-packages/rover_arm_interface/rover_arm_interface_s__rosidl_typesupport_introspection_c.cpython-38-x86_64-linux-gnu.so" to ""
-- Installing: /Rover_2022_2023/software/install/rover_arm_interface/lib/python3.8/site-packages/rover_arm_interface/rover_arm_interface_s__rosidl_typesupport_c.cpython-38-x86_64-linux-gnu.so
-- Set runtime path of "/Rover_2022_2023/software/install/rover_arm_interface/lib/python3.8/site-packages/rover_arm_interface/rover_arm_interface_s__rosidl_typesupport_c.cpython-38-x86_64-linux-gnu.so" to ""
-- Installing: /Rover_2022_2023/software/install/rover_arm_interface/lib/librover_arm_interface__python.so
-- Set runtime path of "/Rover_2022_2023/software/install/rover_arm_interface/lib/librover_arm_interface__python.so" to ""
-- Installing: /Rover_2022_2023/software/install/rover_arm_interface/share/rover_arm_interface/msg/ArmControlMessage.idl
-- Installing: /Rover_2022_2023/software/install/rover_arm_interface/share/rover_arm_interface/msg/ArmStatusMessage.idl
-- Installing: /Rover_2022_2023/software/install/rover_arm_interface/share/rover_arm_interface/msg/ArmControlMessage.msg
-- Installing: /Rover_2022_2023/software/install/rover_arm_interface/share/rover_arm_interface/msg/ArmStatusMessage.msg
-- Installing: /Rover_2022_2023/software/install/rover_arm_interface/share/ament_index/resource_index/package_run_dependencies/rover_arm_interface
-- Installing: /Rover_2022_2023/software/install/rover_arm_interface/share/ament_index/resource_index/parent_prefix_path/rover_arm_interface
-- Installing: /Rover_2022_2023/software/install/rover_arm_interface/share/rover_arm_interface/environment/ament_prefix_path.sh
-- Installing: /Rover_2022_2023/software/install/rover_arm_interface/share/rover_arm_interface/environment/ament_prefix_path.dsv
-- Installing: /Rover_2022_2023/software/install/rover_arm_interface/share/rover_arm_interface/environment/path.sh
-- Installing: /Rover_2022_2023/software/install/rover_arm_interface/share/rover_arm_interface/environment/path.dsv
-- Installing: /Rover_2022_2023/software/install/rover_arm_interface/share/rover_arm_interface/local_setup.bash
-- Installing: /Rover_2022_2023/software/install/rover_arm_interface/share/rover_arm_interface/local_setup.sh
-- Installing: /Rover_2022_2023/software/install/rover_arm_interface/share/rover_arm_interface/local_setup.zsh
-- Installing: /Rover_2022_2023/software/install/rover_arm_interface/share/rover_arm_interface/local_setup.dsv
-- Installing: /Rover_2022_2023/software/install/rover_arm_interface/share/rover_arm_interface/package.dsv
-- Installing: /Rover_2022_2023/software/install/rover_arm_interface/share/ament_index/resource_index/packages/rover_arm_interface
-- Installing: /Rover_2022_2023/software/install/rover_arm_interface/share/rover_arm_interface/cmake/rover_arm_interface__rosidl_generator_cExport.cmake
-- Installing: /Rover_2022_2023/software/install/rover_arm_interface/share/rover_arm_interface/cmake/rover_arm_interface__rosidl_generator_cExport-noconfig.cmake
-- Installing: /Rover_2022_2023/software/install/rover_arm_interface/share/rover_arm_interface/cmake/rover_arm_interface__rosidl_typesupport_introspection_cExport.cmake
-- Installing: /Rover_2022_2023/software/install/rover_arm_interface/share/rover_arm_interface/cmake/rover_arm_interface__rosidl_typesupport_introspection_cExport-noconfig.cmake
-- Installing: /Rover_2022_2023/software/install/rover_arm_interface/share/rover_arm_interface/cmake/rover_arm_interface__rosidl_typesupport_cExport.cmake
-- Installing: /Rover_2022_2023/software/install/rover_arm_interface/share/rover_arm_interface/cmake/rover_arm_interface__rosidl_typesupport_cExport-noconfig.cmake
-- Installing: /Rover_2022_2023/software/install/rover_arm_interface/share/rover_arm_interface/cmake/rover_arm_interface__rosidl_generator_cppExport.cmake
-- Installing: /Rover_2022_2023/software/install/rover_arm_interface/share/rover_arm_interface/cmake/rover_arm_interface__rosidl_typesupport_introspection_cppExport.cmake
-- Installing: /Rover_2022_2023/software/install/rover_arm_interface/share/rover_arm_interface/cmake/rover_arm_interface__rosidl_typesupport_introspection_cppExport-noconfig.cmake
-- Installing: /Rover_2022_2023/software/install/rover_arm_interface/share/rover_arm_interface/cmake/rover_arm_interface__rosidl_typesupport_cppExport.cmake
-- Installing: /Rover_2022_2023/software/install/rover_arm_interface/share/rover_arm_interface/cmake/rover_arm_interface__rosidl_typesupport_cppExport-noconfig.cmake
-- Installing: /Rover_2022_2023/software/install/rover_arm_interface/share/rover_arm_interface/cmake/rosidl_cmake-extras.cmake
-- Installing: /Rover_2022_2023/software/install/rover_arm_interface/share/rover_arm_interface/cmake/ament_cmake_export_dependencies-extras.cmake
-- Installing: /Rover_2022_2023/software/install/rover_arm_interface/share/rover_arm_interface/cmake/ament_cmake_export_libraries-extras.cmake
-- Installing: /Rover_2022_2023/software/install/rover_arm_interface/share/rover_arm_interface/cmake/ament_cmake_export_targets-extras.cmake
-- Installing: /Rover_2022_2023/software/install/rover_arm_interface/share/rover_arm_interface/cmake/ament_cmake_export_include_directories-extras.cmake
-- Installing: /Rover_2022_2023/software/install/rover_arm_interface/share/rover_arm_interface/cmake/rosidl_cmake_export_typesupport_libraries-extras.cmake
-- Installing: /Rover_2022_2023/software/install/rover_arm_interface/share/rover_arm_interface/cmake/rosidl_cmake_export_typesupport_targets-extras.cmake
-- Installing: /Rover_2022_2023/software/install/rover_arm_interface/share/rover_arm_interface/cmake/rover_arm_interfaceConfig.cmake
-- Installing: /Rover_2022_2023/software/install/rover_arm_interface/share/rover_arm_interface/cmake/rover_arm_interfaceConfig-version.cmake
-- Installing: /Rover_2022_2023/software/install/rover_arm_interface/share/rover_arm_interface/package.xml
