[0.036s] Invoking command in '/Rover_2022_2023/software/build/rover_arm_interface': CMAKE_PREFIX_PATH=${CMAKE_PREFIX_PATH}:/opt/ros/foxy /usr/bin/cmake --build /Rover_2022_2023/software/build/rover_arm_interface -- -j12 -l12
[0.259s] [  2%] Built target rover_arm_interface__cpp
[0.265s] [ 12%] Built target rover_arm_interface__rosidl_generator_c
[0.362s] [ 33%] Built target rover_arm_interface__rosidl_typesupport_introspection_cpp
[0.362s] [ 33%] Built target rover_arm_interface__rosidl_typesupport_cpp
[0.366s] [ 43%] Built target rover_arm_interface__rosidl_typesupport_c
[0.369s] [ 53%] Built target rover_arm_interface__rosidl_typesupport_introspection_c
[0.380s] [ 64%] Built target rover_arm_interface__rosidl_typesupport_fastrtps_cpp
[0.480s] [ 74%] Built target rover_arm_interface__rosidl_typesupport_fastrtps_c
[0.554s] [ 74%] Built target rover_arm_interface
[0.637s] [ 76%] Built target rover_arm_interface__py
[0.755s] [ 84%] Built target rover_arm_interface__python
[0.860s] [ 94%] Built target rover_arm_interface__rosidl_typesupport_c__pyext
[0.861s] [ 94%] Built target rover_arm_interface__rosidl_typesupport_fastrtps_c__pyext
[0.862s] [100%] Built target rover_arm_interface__rosidl_typesupport_introspection_c__pyext
[0.910s] Invoked command in '/Rover_2022_2023/software/build/rover_arm_interface' returned '0': CMAKE_PREFIX_PATH=${CMAKE_PREFIX_PATH}:/opt/ros/foxy /usr/bin/cmake --build /Rover_2022_2023/software/build/rover_arm_interface -- -j12 -l12
[1.174s] Invoking command in '/Rover_2022_2023/software/build/rover_arm_interface': CMAKE_PREFIX_PATH=${CMAKE_PREFIX_PATH}:/opt/ros/foxy /usr/bin/cmake --install /Rover_2022_2023/software/build/rover_arm_interface
[1.206s] -- Install configuration: ""
[1.207s] -- Installing: /Rover_2022_2023/software/install/rover_arm_interface/share/ament_index/resource_index/rosidl_interfaces/rover_arm_interface
[1.208s] -- Installing: /Rover_2022_2023/software/install/rover_arm_interface/include/rover_arm_interface
[1.209s] -- Installing: /Rover_2022_2023/software/install/rover_arm_interface/include/rover_arm_interface/msg
[1.209s] -- Installing: /Rover_2022_2023/software/install/rover_arm_interface/include/rover_arm_interface/msg/arm_control_message.h
[1.210s] -- Installing: /Rover_2022_2023/software/install/rover_arm_interface/include/rover_arm_interface/msg/detail
[1.210s] -- Installing: /Rover_2022_2023/software/install/rover_arm_interface/include/rover_arm_interface/msg/detail/arm_status_message__functions.c
[1.210s] -- Installing: /Rover_2022_2023/software/install/rover_arm_interface/include/rover_arm_interface/msg/detail/arm_control_message__functions.c
[1.211s] -- Installing: /Rover_2022_2023/software/install/rover_arm_interface/include/rover_arm_interface/msg/detail/arm_status_message__functions.h
[1.211s] -- Installing: /Rover_2022_2023/software/install/rover_arm_interface/include/rover_arm_interface/msg/detail/arm_status_message__struct.h
[1.212s] -- Installing: /Rover_2022_2023/software/install/rover_arm_interface/include/rover_arm_interface/msg/detail/arm_status_message__type_support.h
[1.212s] -- Installing: /Rover_2022_2023/software/install/rover_arm_interface/include/rover_arm_interface/msg/detail/arm_control_message__functions.h
[1.212s] -- Installing: /Rover_2022_2023/software/install/rover_arm_interface/include/rover_arm_interface/msg/detail/arm_control_message__struct.h
[1.213s] -- Installing: /Rover_2022_2023/software/install/rover_arm_interface/include/rover_arm_interface/msg/detail/arm_control_message__type_support.h
[1.213s] -- Installing: /Rover_2022_2023/software/install/rover_arm_interface/include/rover_arm_interface/msg/rosidl_generator_c__visibility_control.h
[1.213s] -- Installing: /Rover_2022_2023/software/install/rover_arm_interface/include/rover_arm_interface/msg/arm_status_message.h
[1.214s] -- Installing: /Rover_2022_2023/software/install/rover_arm_interface/share/rover_arm_interface/environment/library_path.sh
[1.215s] -- Installing: /Rover_2022_2023/software/install/rover_arm_interface/share/rover_arm_interface/environment/library_path.dsv
[1.215s] -- Installing: /Rover_2022_2023/software/install/rover_arm_interface/lib/librover_arm_interface__rosidl_generator_c.so
[1.217s] -- Set runtime path of "/Rover_2022_2023/software/install/rover_arm_interface/lib/librover_arm_interface__rosidl_generator_c.so" to ""
[1.217s] -- Up-to-date: /Rover_2022_2023/software/install/rover_arm_interface/include/rover_arm_interface
[1.218s] -- Up-to-date: /Rover_2022_2023/software/install/rover_arm_interface/include/rover_arm_interface/msg
[1.219s] -- Up-to-date: /Rover_2022_2023/software/install/rover_arm_interface/include/rover_arm_interface/msg/detail
[1.219s] -- Installing: /Rover_2022_2023/software/install/rover_arm_interface/include/rover_arm_interface/msg/detail/arm_control_message__rosidl_typesupport_fastrtps_c.h
[1.220s] -- Installing: /Rover_2022_2023/software/install/rover_arm_interface/include/rover_arm_interface/msg/detail/arm_status_message__rosidl_typesupport_fastrtps_c.h
[1.220s] -- Installing: /Rover_2022_2023/software/install/rover_arm_interface/include/rover_arm_interface/msg/rosidl_typesupport_fastrtps_c__visibility_control.h
[1.221s] -- Installing: /Rover_2022_2023/software/install/rover_arm_interface/lib/librover_arm_interface__rosidl_typesupport_fastrtps_c.so
[1.222s] -- Set runtime path of "/Rover_2022_2023/software/install/rover_arm_interface/lib/librover_arm_interface__rosidl_typesupport_fastrtps_c.so" to ""
[1.222s] -- Up-to-date: /Rover_2022_2023/software/install/rover_arm_interface/include/rover_arm_interface
[1.223s] -- Up-to-date: /Rover_2022_2023/software/install/rover_arm_interface/include/rover_arm_interface/msg
[1.223s] -- Up-to-date: /Rover_2022_2023/software/install/rover_arm_interface/include/rover_arm_interface/msg/detail
[1.224s] -- Installing: /Rover_2022_2023/software/install/rover_arm_interface/include/rover_arm_interface/msg/detail/dds_fastrtps
[1.224s] -- Installing: /Rover_2022_2023/software/install/rover_arm_interface/include/rover_arm_interface/msg/detail/arm_status_message__rosidl_typesupport_fastrtps_cpp.hpp
[1.224s] -- Installing: /Rover_2022_2023/software/install/rover_arm_interface/include/rover_arm_interface/msg/detail/arm_control_message__rosidl_typesupport_fastrtps_cpp.hpp
[1.225s] -- Installing: /Rover_2022_2023/software/install/rover_arm_interface/include/rover_arm_interface/msg/rosidl_typesupport_fastrtps_cpp__visibility_control.h
[1.225s] -- Installing: /Rover_2022_2023/software/install/rover_arm_interface/lib/librover_arm_interface__rosidl_typesupport_fastrtps_cpp.so
[1.225s] -- Set runtime path of "/Rover_2022_2023/software/install/rover_arm_interface/lib/librover_arm_interface__rosidl_typesupport_fastrtps_cpp.so" to ""
[1.226s] -- Up-to-date: /Rover_2022_2023/software/install/rover_arm_interface/include/rover_arm_interface
[1.226s] -- Up-to-date: /Rover_2022_2023/software/install/rover_arm_interface/include/rover_arm_interface/msg
[1.226s] -- Up-to-date: /Rover_2022_2023/software/install/rover_arm_interface/include/rover_arm_interface/msg/detail
[1.227s] -- Installing: /Rover_2022_2023/software/install/rover_arm_interface/include/rover_arm_interface/msg/detail/arm_control_message__rosidl_typesupport_introspection_c.h
[1.227s] -- Installing: /Rover_2022_2023/software/install/rover_arm_interface/include/rover_arm_interface/msg/detail/arm_status_message__type_support.c
[1.227s] -- Installing: /Rover_2022_2023/software/install/rover_arm_interface/include/rover_arm_interface/msg/detail/arm_status_message__rosidl_typesupport_introspection_c.h
[1.228s] -- Installing: /Rover_2022_2023/software/install/rover_arm_interface/include/rover_arm_interface/msg/detail/arm_control_message__type_support.c
[1.228s] -- Installing: /Rover_2022_2023/software/install/rover_arm_interface/include/rover_arm_interface/msg/rosidl_typesupport_introspection_c__visibility_control.h
[1.228s] -- Installing: /Rover_2022_2023/software/install/rover_arm_interface/lib/librover_arm_interface__rosidl_typesupport_introspection_c.so
[1.230s] -- Set runtime path of "/Rover_2022_2023/software/install/rover_arm_interface/lib/librover_arm_interface__rosidl_typesupport_introspection_c.so" to ""
[1.230s] -- Installing: /Rover_2022_2023/software/install/rover_arm_interface/lib/librover_arm_interface__rosidl_typesupport_c.so
[1.232s] -- Set runtime path of "/Rover_2022_2023/software/install/rover_arm_interface/lib/librover_arm_interface__rosidl_typesupport_c.so" to ""
[1.232s] -- Up-to-date: /Rover_2022_2023/software/install/rover_arm_interface/include/rover_arm_interface
[1.232s] -- Up-to-date: /Rover_2022_2023/software/install/rover_arm_interface/include/rover_arm_interface/msg
[1.233s] -- Up-to-date: /Rover_2022_2023/software/install/rover_arm_interface/include/rover_arm_interface/msg/detail
[1.233s] -- Installing: /Rover_2022_2023/software/install/rover_arm_interface/include/rover_arm_interface/msg/detail/arm_status_message__builder.hpp
[1.234s] -- Installing: /Rover_2022_2023/software/install/rover_arm_interface/include/rover_arm_interface/msg/detail/arm_control_message__traits.hpp
[1.234s] -- Installing: /Rover_2022_2023/software/install/rover_arm_interface/include/rover_arm_interface/msg/detail/arm_status_message__struct.hpp
[1.234s] -- Installing: /Rover_2022_2023/software/install/rover_arm_interface/include/rover_arm_interface/msg/detail/arm_control_message__struct.hpp
[1.235s] -- Installing: /Rover_2022_2023/software/install/rover_arm_interface/include/rover_arm_interface/msg/detail/arm_control_message__builder.hpp
[1.235s] -- Installing: /Rover_2022_2023/software/install/rover_arm_interface/include/rover_arm_interface/msg/detail/arm_status_message__traits.hpp
[1.236s] -- Installing: /Rover_2022_2023/software/install/rover_arm_interface/include/rover_arm_interface/msg/arm_control_message.hpp
[1.237s] -- Installing: /Rover_2022_2023/software/install/rover_arm_interface/include/rover_arm_interface/msg/arm_status_message.hpp
[1.237s] -- Up-to-date: /Rover_2022_2023/software/install/rover_arm_interface/include/rover_arm_interface
[1.238s] -- Up-to-date: /Rover_2022_2023/software/install/rover_arm_interface/include/rover_arm_interface/msg
[1.238s] -- Up-to-date: /Rover_2022_2023/software/install/rover_arm_interface/include/rover_arm_interface/msg/detail
[1.238s] -- Installing: /Rover_2022_2023/software/install/rover_arm_interface/include/rover_arm_interface/msg/detail/arm_control_message__type_support.cpp
[1.239s] -- Installing: /Rover_2022_2023/software/install/rover_arm_interface/include/rover_arm_interface/msg/detail/arm_status_message__type_support.cpp
[1.239s] -- Installing: /Rover_2022_2023/software/install/rover_arm_interface/include/rover_arm_interface/msg/detail/arm_control_message__rosidl_typesupport_introspection_cpp.hpp
[1.239s] -- Installing: /Rover_2022_2023/software/install/rover_arm_interface/include/rover_arm_interface/msg/detail/arm_status_message__rosidl_typesupport_introspection_cpp.hpp
[1.239s] -- Installing: /Rover_2022_2023/software/install/rover_arm_interface/lib/librover_arm_interface__rosidl_typesupport_introspection_cpp.so
[1.240s] -- Set runtime path of "/Rover_2022_2023/software/install/rover_arm_interface/lib/librover_arm_interface__rosidl_typesupport_introspection_cpp.so" to ""
[1.241s] -- Installing: /Rover_2022_2023/software/install/rover_arm_interface/lib/librover_arm_interface__rosidl_typesupport_cpp.so
[1.242s] -- Set runtime path of "/Rover_2022_2023/software/install/rover_arm_interface/lib/librover_arm_interface__rosidl_typesupport_cpp.so" to ""
[1.242s] -- Installing: /Rover_2022_2023/software/install/rover_arm_interface/share/rover_arm_interface/environment/pythonpath.sh
[1.243s] -- Installing: /Rover_2022_2023/software/install/rover_arm_interface/share/rover_arm_interface/environment/pythonpath.dsv
[1.244s] -- Installing: /Rover_2022_2023/software/install/rover_arm_interface/lib/python3.8/site-packages/rover_arm_interface/__init__.py
[1.369s] Compiling '/Rover_2022_2023/software/install/rover_arm_interface/lib/python3.8/site-packages/rover_arm_interface/__init__.py'...
[1.384s] -- Installing: /Rover_2022_2023/software/install/rover_arm_interface/lib/python3.8/site-packages/rover_arm_interface/msg
[1.385s] -- Installing: /Rover_2022_2023/software/install/rover_arm_interface/lib/python3.8/site-packages/rover_arm_interface/msg/_arm_status_message.py
[1.385s] -- Installing: /Rover_2022_2023/software/install/rover_arm_interface/lib/python3.8/site-packages/rover_arm_interface/msg/__init__.py
[1.386s] -- Installing: /Rover_2022_2023/software/install/rover_arm_interface/lib/python3.8/site-packages/rover_arm_interface/msg/_arm_control_message_s.c
[1.386s] -- Installing: /Rover_2022_2023/software/install/rover_arm_interface/lib/python3.8/site-packages/rover_arm_interface/msg/_arm_control_message.py
[1.386s] -- Installing: /Rover_2022_2023/software/install/rover_arm_interface/lib/python3.8/site-packages/rover_arm_interface/msg/_arm_status_message_s.c
[1.387s] -- Installing: /Rover_2022_2023/software/install/rover_arm_interface/lib/python3.8/site-packages/rover_arm_interface/rover_arm_interface_s__rosidl_typesupport_fastrtps_c.cpython-38-x86_64-linux-gnu.so
[1.389s] -- Set runtime path of "/Rover_2022_2023/software/install/rover_arm_interface/lib/python3.8/site-packages/rover_arm_interface/rover_arm_interface_s__rosidl_typesupport_fastrtps_c.cpython-38-x86_64-linux-gnu.so" to ""
[1.390s] -- Installing: /Rover_2022_2023/software/install/rover_arm_interface/lib/python3.8/site-packages/rover_arm_interface/rover_arm_interface_s__rosidl_typesupport_introspection_c.cpython-38-x86_64-linux-gnu.so
[1.392s] -- Set runtime path of "/Rover_2022_2023/software/install/rover_arm_interface/lib/python3.8/site-packages/rover_arm_interface/rover_arm_interface_s__rosidl_typesupport_introspection_c.cpython-38-x86_64-linux-gnu.so" to ""
[1.393s] -- Installing: /Rover_2022_2023/software/install/rover_arm_interface/lib/python3.8/site-packages/rover_arm_interface/rover_arm_interface_s__rosidl_typesupport_c.cpython-38-x86_64-linux-gnu.so
[1.394s] -- Set runtime path of "/Rover_2022_2023/software/install/rover_arm_interface/lib/python3.8/site-packages/rover_arm_interface/rover_arm_interface_s__rosidl_typesupport_c.cpython-38-x86_64-linux-gnu.so" to ""
[1.395s] -- Installing: /Rover_2022_2023/software/install/rover_arm_interface/lib/librover_arm_interface__python.so
[1.397s] -- Set runtime path of "/Rover_2022_2023/software/install/rover_arm_interface/lib/librover_arm_interface__python.so" to ""
[1.397s] -- Installing: /Rover_2022_2023/software/install/rover_arm_interface/share/rover_arm_interface/msg/ArmControlMessage.idl
[1.397s] -- Installing: /Rover_2022_2023/software/install/rover_arm_interface/share/rover_arm_interface/msg/ArmStatusMessage.idl
[1.398s] -- Installing: /Rover_2022_2023/software/install/rover_arm_interface/share/rover_arm_interface/msg/ArmControlMessage.msg
[1.399s] -- Installing: /Rover_2022_2023/software/install/rover_arm_interface/share/rover_arm_interface/msg/ArmStatusMessage.msg
[1.399s] -- Installing: /Rover_2022_2023/software/install/rover_arm_interface/share/ament_index/resource_index/package_run_dependencies/rover_arm_interface
[1.400s] -- Installing: /Rover_2022_2023/software/install/rover_arm_interface/share/ament_index/resource_index/parent_prefix_path/rover_arm_interface
[1.401s] -- Installing: /Rover_2022_2023/software/install/rover_arm_interface/share/rover_arm_interface/environment/ament_prefix_path.sh
[1.401s] -- Installing: /Rover_2022_2023/software/install/rover_arm_interface/share/rover_arm_interface/environment/ament_prefix_path.dsv
[1.402s] -- Installing: /Rover_2022_2023/software/install/rover_arm_interface/share/rover_arm_interface/environment/path.sh
[1.403s] -- Installing: /Rover_2022_2023/software/install/rover_arm_interface/share/rover_arm_interface/environment/path.dsv
[1.403s] -- Installing: /Rover_2022_2023/software/install/rover_arm_interface/share/rover_arm_interface/local_setup.bash
[1.404s] -- Installing: /Rover_2022_2023/software/install/rover_arm_interface/share/rover_arm_interface/local_setup.sh
[1.404s] -- Installing: /Rover_2022_2023/software/install/rover_arm_interface/share/rover_arm_interface/local_setup.zsh
[1.405s] -- Installing: /Rover_2022_2023/software/install/rover_arm_interface/share/rover_arm_interface/local_setup.dsv
[1.405s] -- Installing: /Rover_2022_2023/software/install/rover_arm_interface/share/rover_arm_interface/package.dsv
[1.406s] -- Installing: /Rover_2022_2023/software/install/rover_arm_interface/share/ament_index/resource_index/packages/rover_arm_interface
[1.407s] -- Installing: /Rover_2022_2023/software/install/rover_arm_interface/share/rover_arm_interface/cmake/rover_arm_interface__rosidl_generator_cExport.cmake
[1.408s] -- Installing: /Rover_2022_2023/software/install/rover_arm_interface/share/rover_arm_interface/cmake/rover_arm_interface__rosidl_generator_cExport-noconfig.cmake
[1.408s] -- Installing: /Rover_2022_2023/software/install/rover_arm_interface/share/rover_arm_interface/cmake/rover_arm_interface__rosidl_typesupport_introspection_cExport.cmake
[1.409s] -- Installing: /Rover_2022_2023/software/install/rover_arm_interface/share/rover_arm_interface/cmake/rover_arm_interface__rosidl_typesupport_introspection_cExport-noconfig.cmake
[1.410s] -- Installing: /Rover_2022_2023/software/install/rover_arm_interface/share/rover_arm_interface/cmake/rover_arm_interface__rosidl_typesupport_cExport.cmake
[1.410s] -- Installing: /Rover_2022_2023/software/install/rover_arm_interface/share/rover_arm_interface/cmake/rover_arm_interface__rosidl_typesupport_cExport-noconfig.cmake
[1.411s] -- Installing: /Rover_2022_2023/software/install/rover_arm_interface/share/rover_arm_interface/cmake/rover_arm_interface__rosidl_generator_cppExport.cmake
[1.412s] -- Installing: /Rover_2022_2023/software/install/rover_arm_interface/share/rover_arm_interface/cmake/rover_arm_interface__rosidl_typesupport_introspection_cppExport.cmake
[1.413s] -- Installing: /Rover_2022_2023/software/install/rover_arm_interface/share/rover_arm_interface/cmake/rover_arm_interface__rosidl_typesupport_introspection_cppExport-noconfig.cmake
[1.413s] -- Installing: /Rover_2022_2023/software/install/rover_arm_interface/share/rover_arm_interface/cmake/rover_arm_interface__rosidl_typesupport_cppExport.cmake
[1.414s] -- Installing: /Rover_2022_2023/software/install/rover_arm_interface/share/rover_arm_interface/cmake/rover_arm_interface__rosidl_typesupport_cppExport-noconfig.cmake
[1.414s] -- Installing: /Rover_2022_2023/software/install/rover_arm_interface/share/rover_arm_interface/cmake/rosidl_cmake-extras.cmake
[1.415s] -- Installing: /Rover_2022_2023/software/install/rover_arm_interface/share/rover_arm_interface/cmake/ament_cmake_export_dependencies-extras.cmake
[1.416s] -- Installing: /Rover_2022_2023/software/install/rover_arm_interface/share/rover_arm_interface/cmake/ament_cmake_export_libraries-extras.cmake
[1.416s] -- Installing: /Rover_2022_2023/software/install/rover_arm_interface/share/rover_arm_interface/cmake/ament_cmake_export_targets-extras.cmake
[1.417s] -- Installing: /Rover_2022_2023/software/install/rover_arm_interface/share/rover_arm_interface/cmake/ament_cmake_export_include_directories-extras.cmake
[1.417s] -- Installing: /Rover_2022_2023/software/install/rover_arm_interface/share/rover_arm_interface/cmake/rosidl_cmake_export_typesupport_libraries-extras.cmake
[1.419s] -- Installing: /Rover_2022_2023/software/install/rover_arm_interface/share/rover_arm_interface/cmake/rosidl_cmake_export_typesupport_targets-extras.cmake
[1.420s] -- Installing: /Rover_2022_2023/software/install/rover_arm_interface/share/rover_arm_interface/cmake/rover_arm_interfaceConfig.cmake
[1.420s] -- Installing: /Rover_2022_2023/software/install/rover_arm_interface/share/rover_arm_interface/cmake/rover_arm_interfaceConfig-version.cmake
[1.421s] -- Installing: /Rover_2022_2023/software/install/rover_arm_interface/share/rover_arm_interface/package.xml
[1.427s] Invoked command in '/Rover_2022_2023/software/build/rover_arm_interface' returned '0': CMAKE_PREFIX_PATH=${CMAKE_PREFIX_PATH}:/opt/ros/foxy /usr/bin/cmake --install /Rover_2022_2023/software/build/rover_arm_interface
